[0.363s] DEBUG:colcon:Command line arguments: ['/usr/bin/colcon', 'build', '--packages-select', 'px4_offboard']
[0.363s] DEBUG:colcon:Parsed command line arguments: Namespace(log_base=None, log_level=None, verb_name='build', build_base='build', install_base='install', merge_install=False, symlink_install=False, test_result_base=None, continue_on_error=False, executor='parallel', parallel_workers=4, event_handlers=None, ignore_user_meta=False, metas=['./colcon.meta'], base_paths=['.'], packages_ignore=None, packages_ignore_regex=None, paths=None, packages_up_to=None, packages_up_to_regex=None, packages_above=None, packages_above_and_dependencies=None, packages_above_depth=None, packages_select_by_dep=None, packages_skip_by_dep=None, packages_skip_up_to=None, packages_select_build_failed=False, packages_skip_build_finished=False, packages_select_test_failures=False, packages_skip_test_passed=False, packages_select=['px4_offboard'], packages_skip=None, packages_select_regex=None, packages_skip_regex=None, packages_start=None, packages_end=None, allow_overriding=[], cmake_args=None, cmake_target=None, cmake_target_skip_unavailable=False, cmake_clean_cache=False, cmake_clean_first=False, cmake_force_configure=False, ament_cmake_args=None, catkin_cmake_args=None, catkin_skip_building_tests=False, mixin_files=None, mixin=None, verb_parser=<colcon_mixin.mixin.mixin_argument.MixinArgumentDecorator object at 0xffff9eaeeaa0>, verb_extension=<colcon_core.verb.build.BuildVerb object at 0xffff9eaee4d0>, main=<bound method BuildVerb.main of <colcon_core.verb.build.BuildVerb object at 0xffff9eaee4d0>>, mixin_verb=('build',))
[0.458s] Level 1:colcon.colcon_core.package_discovery:discover_packages(colcon_meta) check parameters
[0.461s] Level 1:colcon.colcon_core.package_discovery:discover_packages(recursive) check parameters
[0.461s] Level 1:colcon.colcon_core.package_discovery:discover_packages(ignore) check parameters
[0.461s] Level 1:colcon.colcon_core.package_discovery:discover_packages(path) check parameters
[0.461s] Level 1:colcon.colcon_core.package_discovery:discover_packages(colcon_meta) discover
[0.461s] Level 1:colcon.colcon_core.package_discovery:discover_packages(recursive) discover
[0.461s] INFO:colcon.colcon_core.package_discovery:Crawling recursively for packages in '/home/guiliang-linux/Documents/projects/DroneProject/ws_px4_ros2_controlAlgorithm'
[0.461s] Level 1:colcon.colcon_core.package_identification:_identify(.) by extensions ['ignore', 'ignore_ament_install']
[0.461s] Level 1:colcon.colcon_core.package_identification:_identify(.) by extension 'ignore'
[0.461s] Level 1:colcon.colcon_core.package_identification:_identify(.) by extension 'ignore_ament_install'
[0.461s] Level 1:colcon.colcon_core.package_identification:_identify(.) by extensions ['colcon_pkg']
[0.461s] Level 1:colcon.colcon_core.package_identification:_identify(.) by extension 'colcon_pkg'
[0.461s] Level 1:colcon.colcon_core.package_identification:_identify(.) by extensions ['colcon_meta']
[0.461s] Level 1:colcon.colcon_core.package_identification:_identify(.) by extension 'colcon_meta'
[0.461s] Level 1:colcon.colcon_core.package_identification:_identify(.) by extensions ['ros']
[0.461s] Level 1:colcon.colcon_core.package_identification:_identify(.) by extension 'ros'
[0.535s] Level 1:colcon.colcon_core.package_identification:_identify(.) by extensions ['cmake', 'python']
[0.535s] Level 1:colcon.colcon_core.package_identification:_identify(.) by extension 'cmake'
[0.535s] Level 1:colcon.colcon_core.package_identification:_identify(.) by extension 'python'
[0.535s] Level 1:colcon.colcon_core.package_identification:_identify(.) by extensions ['python_setup_py']
[0.535s] Level 1:colcon.colcon_core.package_identification:_identify(.) by extension 'python_setup_py'
[0.535s] Level 1:colcon.colcon_core.package_identification:_identify(build) by extensions ['ignore', 'ignore_ament_install']
[0.536s] Level 1:colcon.colcon_core.package_identification:_identify(build) by extension 'ignore'
[0.536s] Level 1:colcon.colcon_core.package_identification:_identify(build) ignored
[0.536s] Level 1:colcon.colcon_core.package_identification:_identify(install) by extensions ['ignore', 'ignore_ament_install']
[0.536s] Level 1:colcon.colcon_core.package_identification:_identify(install) by extension 'ignore'
[0.536s] Level 1:colcon.colcon_core.package_identification:_identify(install) ignored
[0.536s] Level 1:colcon.colcon_core.package_identification:_identify(log) by extensions ['ignore', 'ignore_ament_install']
[0.537s] Level 1:colcon.colcon_core.package_identification:_identify(log) by extension 'ignore'
[0.537s] Level 1:colcon.colcon_core.package_identification:_identify(log) ignored
[0.537s] Level 1:colcon.colcon_core.package_identification:_identify(src) by extensions ['ignore', 'ignore_ament_install']
[0.537s] Level 1:colcon.colcon_core.package_identification:_identify(src) by extension 'ignore'
[0.537s] Level 1:colcon.colcon_core.package_identification:_identify(src) by extension 'ignore_ament_install'
[0.537s] Level 1:colcon.colcon_core.package_identification:_identify(src) by extensions ['colcon_pkg']
[0.538s] Level 1:colcon.colcon_core.package_identification:_identify(src) by extension 'colcon_pkg'
[0.538s] Level 1:colcon.colcon_core.package_identification:_identify(src) by extensions ['colcon_meta']
[0.538s] Level 1:colcon.colcon_core.package_identification:_identify(src) by extension 'colcon_meta'
[0.538s] Level 1:colcon.colcon_core.package_identification:_identify(src) by extensions ['ros']
[0.538s] Level 1:colcon.colcon_core.package_identification:_identify(src) by extension 'ros'
[0.539s] Level 1:colcon.colcon_core.package_identification:_identify(src) by extensions ['cmake', 'python']
[0.539s] Level 1:colcon.colcon_core.package_identification:_identify(src) by extension 'cmake'
[0.539s] Level 1:colcon.colcon_core.package_identification:_identify(src) by extension 'python'
[0.539s] Level 1:colcon.colcon_core.package_identification:_identify(src) by extensions ['python_setup_py']
[0.539s] Level 1:colcon.colcon_core.package_identification:_identify(src) by extension 'python_setup_py'
[0.539s] Level 1:colcon.colcon_core.package_identification:_identify(src/Offboard_lowlevel_cpp) by extensions ['ignore', 'ignore_ament_install']
[0.539s] Level 1:colcon.colcon_core.package_identification:_identify(src/Offboard_lowlevel_cpp) by extension 'ignore'
[0.540s] Level 1:colcon.colcon_core.package_identification:_identify(src/Offboard_lowlevel_cpp) by extension 'ignore_ament_install'
[0.540s] Level 1:colcon.colcon_core.package_identification:_identify(src/Offboard_lowlevel_cpp) by extensions ['colcon_pkg']
[0.540s] Level 1:colcon.colcon_core.package_identification:_identify(src/Offboard_lowlevel_cpp) by extension 'colcon_pkg'
[0.540s] Level 1:colcon.colcon_core.package_identification:_identify(src/Offboard_lowlevel_cpp) by extensions ['colcon_meta']
[0.540s] Level 1:colcon.colcon_core.package_identification:_identify(src/Offboard_lowlevel_cpp) by extension 'colcon_meta'
[0.540s] Level 1:colcon.colcon_core.package_identification:_identify(src/Offboard_lowlevel_cpp) by extensions ['ros']
[0.540s] Level 1:colcon.colcon_core.package_identification:_identify(src/Offboard_lowlevel_cpp) by extension 'ros'
[0.540s] Level 1:colcon.colcon_core.package_identification:_identify(src/Offboard_lowlevel_cpp) by extensions ['cmake', 'python']
[0.541s] Level 1:colcon.colcon_core.package_identification:_identify(src/Offboard_lowlevel_cpp) by extension 'cmake'
[0.541s] Level 1:colcon.colcon_core.package_identification:_identify(src/Offboard_lowlevel_cpp) by extension 'python'
[0.541s] Level 1:colcon.colcon_core.package_identification:_identify(src/Offboard_lowlevel_cpp) by extensions ['python_setup_py']
[0.541s] Level 1:colcon.colcon_core.package_identification:_identify(src/Offboard_lowlevel_cpp) by extension 'python_setup_py'
[0.541s] Level 1:colcon.colcon_core.package_identification:_identify(src/Offboard_lowlevel_cpp/include) by extensions ['ignore', 'ignore_ament_install']
[0.542s] Level 1:colcon.colcon_core.package_identification:_identify(src/Offboard_lowlevel_cpp/include) by extension 'ignore'
[0.542s] Level 1:colcon.colcon_core.package_identification:_identify(src/Offboard_lowlevel_cpp/include) by extension 'ignore_ament_install'
[0.542s] Level 1:colcon.colcon_core.package_identification:_identify(src/Offboard_lowlevel_cpp/include) by extensions ['colcon_pkg']
[0.542s] Level 1:colcon.colcon_core.package_identification:_identify(src/Offboard_lowlevel_cpp/include) by extension 'colcon_pkg'
[0.542s] Level 1:colcon.colcon_core.package_identification:_identify(src/Offboard_lowlevel_cpp/include) by extensions ['colcon_meta']
[0.542s] Level 1:colcon.colcon_core.package_identification:_identify(src/Offboard_lowlevel_cpp/include) by extension 'colcon_meta'
[0.542s] Level 1:colcon.colcon_core.package_identification:_identify(src/Offboard_lowlevel_cpp/include) by extensions ['ros']
[0.543s] Level 1:colcon.colcon_core.package_identification:_identify(src/Offboard_lowlevel_cpp/include) by extension 'ros'
[0.543s] Level 1:colcon.colcon_core.package_identification:_identify(src/Offboard_lowlevel_cpp/include) by extensions ['cmake', 'python']
[0.543s] Level 1:colcon.colcon_core.package_identification:_identify(src/Offboard_lowlevel_cpp/include) by extension 'cmake'
[0.543s] Level 1:colcon.colcon_core.package_identification:_identify(src/Offboard_lowlevel_cpp/include) by extension 'python'
[0.543s] Level 1:colcon.colcon_core.package_identification:_identify(src/Offboard_lowlevel_cpp/include) by extensions ['python_setup_py']
[0.543s] Level 1:colcon.colcon_core.package_identification:_identify(src/Offboard_lowlevel_cpp/include) by extension 'python_setup_py'
[0.544s] Level 1:colcon.colcon_core.package_identification:_identify(src/Offboard_lowlevel_cpp/include/px4_offboard_lowlevel) by extensions ['ignore', 'ignore_ament_install']
[0.544s] Level 1:colcon.colcon_core.package_identification:_identify(src/Offboard_lowlevel_cpp/include/px4_offboard_lowlevel) by extension 'ignore'
[0.544s] Level 1:colcon.colcon_core.package_identification:_identify(src/Offboard_lowlevel_cpp/include/px4_offboard_lowlevel) by extension 'ignore_ament_install'
[0.544s] Level 1:colcon.colcon_core.package_identification:_identify(src/Offboard_lowlevel_cpp/include/px4_offboard_lowlevel) by extensions ['colcon_pkg']
[0.544s] Level 1:colcon.colcon_core.package_identification:_identify(src/Offboard_lowlevel_cpp/include/px4_offboard_lowlevel) by extension 'colcon_pkg'
[0.544s] Level 1:colcon.colcon_core.package_identification:_identify(src/Offboard_lowlevel_cpp/include/px4_offboard_lowlevel) by extensions ['colcon_meta']
[0.545s] Level 1:colcon.colcon_core.package_identification:_identify(src/Offboard_lowlevel_cpp/include/px4_offboard_lowlevel) by extension 'colcon_meta'
[0.545s] Level 1:colcon.colcon_core.package_identification:_identify(src/Offboard_lowlevel_cpp/include/px4_offboard_lowlevel) by extensions ['ros']
[0.545s] Level 1:colcon.colcon_core.package_identification:_identify(src/Offboard_lowlevel_cpp/include/px4_offboard_lowlevel) by extension 'ros'
[0.545s] Level 1:colcon.colcon_core.package_identification:_identify(src/Offboard_lowlevel_cpp/include/px4_offboard_lowlevel) by extensions ['cmake', 'python']
[0.545s] Level 1:colcon.colcon_core.package_identification:_identify(src/Offboard_lowlevel_cpp/include/px4_offboard_lowlevel) by extension 'cmake'
[0.545s] Level 1:colcon.colcon_core.package_identification:_identify(src/Offboard_lowlevel_cpp/include/px4_offboard_lowlevel) by extension 'python'
[0.546s] Level 1:colcon.colcon_core.package_identification:_identify(src/Offboard_lowlevel_cpp/include/px4_offboard_lowlevel) by extensions ['python_setup_py']
[0.546s] Level 1:colcon.colcon_core.package_identification:_identify(src/Offboard_lowlevel_cpp/include/px4_offboard_lowlevel) by extension 'python_setup_py'
[0.546s] Level 1:colcon.colcon_core.package_identification:_identify(src/Offboard_lowlevel_cpp/instructions) by extensions ['ignore', 'ignore_ament_install']
[0.546s] Level 1:colcon.colcon_core.package_identification:_identify(src/Offboard_lowlevel_cpp/instructions) by extension 'ignore'
[0.547s] Level 1:colcon.colcon_core.package_identification:_identify(src/Offboard_lowlevel_cpp/instructions) by extension 'ignore_ament_install'
[0.547s] Level 1:colcon.colcon_core.package_identification:_identify(src/Offboard_lowlevel_cpp/instructions) by extensions ['colcon_pkg']
[0.547s] Level 1:colcon.colcon_core.package_identification:_identify(src/Offboard_lowlevel_cpp/instructions) by extension 'colcon_pkg'
[0.547s] Level 1:colcon.colcon_core.package_identification:_identify(src/Offboard_lowlevel_cpp/instructions) by extensions ['colcon_meta']
[0.547s] Level 1:colcon.colcon_core.package_identification:_identify(src/Offboard_lowlevel_cpp/instructions) by extension 'colcon_meta'
[0.548s] Level 1:colcon.colcon_core.package_identification:_identify(src/Offboard_lowlevel_cpp/instructions) by extensions ['ros']
[0.548s] Level 1:colcon.colcon_core.package_identification:_identify(src/Offboard_lowlevel_cpp/instructions) by extension 'ros'
[0.548s] Level 1:colcon.colcon_core.package_identification:_identify(src/Offboard_lowlevel_cpp/instructions) by extensions ['cmake', 'python']
[0.548s] Level 1:colcon.colcon_core.package_identification:_identify(src/Offboard_lowlevel_cpp/instructions) by extension 'cmake'
[0.548s] Level 1:colcon.colcon_core.package_identification:_identify(src/Offboard_lowlevel_cpp/instructions) by extension 'python'
[0.548s] Level 1:colcon.colcon_core.package_identification:_identify(src/Offboard_lowlevel_cpp/instructions) by extensions ['python_setup_py']
[0.548s] Level 1:colcon.colcon_core.package_identification:_identify(src/Offboard_lowlevel_cpp/instructions) by extension 'python_setup_py'
[0.549s] Level 1:colcon.colcon_core.package_identification:_identify(src/Offboard_lowlevel_cpp/instructions/media) by extensions ['ignore', 'ignore_ament_install']
[0.549s] Level 1:colcon.colcon_core.package_identification:_identify(src/Offboard_lowlevel_cpp/instructions/media) by extension 'ignore'
[0.549s] Level 1:colcon.colcon_core.package_identification:_identify(src/Offboard_lowlevel_cpp/instructions/media) by extension 'ignore_ament_install'
[0.549s] Level 1:colcon.colcon_core.package_identification:_identify(src/Offboard_lowlevel_cpp/instructions/media) by extensions ['colcon_pkg']
[0.550s] Level 1:colcon.colcon_core.package_identification:_identify(src/Offboard_lowlevel_cpp/instructions/media) by extension 'colcon_pkg'
[0.550s] Level 1:colcon.colcon_core.package_identification:_identify(src/Offboard_lowlevel_cpp/instructions/media) by extensions ['colcon_meta']
[0.550s] Level 1:colcon.colcon_core.package_identification:_identify(src/Offboard_lowlevel_cpp/instructions/media) by extension 'colcon_meta'
[0.550s] Level 1:colcon.colcon_core.package_identification:_identify(src/Offboard_lowlevel_cpp/instructions/media) by extensions ['ros']
[0.550s] Level 1:colcon.colcon_core.package_identification:_identify(src/Offboard_lowlevel_cpp/instructions/media) by extension 'ros'
[0.550s] Level 1:colcon.colcon_core.package_identification:_identify(src/Offboard_lowlevel_cpp/instructions/media) by extensions ['cmake', 'python']
[0.551s] Level 1:colcon.colcon_core.package_identification:_identify(src/Offboard_lowlevel_cpp/instructions/media) by extension 'cmake'
[0.551s] Level 1:colcon.colcon_core.package_identification:_identify(src/Offboard_lowlevel_cpp/instructions/media) by extension 'python'
[0.551s] Level 1:colcon.colcon_core.package_identification:_identify(src/Offboard_lowlevel_cpp/instructions/media) by extensions ['python_setup_py']
[0.551s] Level 1:colcon.colcon_core.package_identification:_identify(src/Offboard_lowlevel_cpp/instructions/media) by extension 'python_setup_py'
[0.551s] Level 1:colcon.colcon_core.package_identification:_identify(src/Offboard_lowlevel_cpp/launch) by extensions ['ignore', 'ignore_ament_install']
[0.552s] Level 1:colcon.colcon_core.package_identification:_identify(src/Offboard_lowlevel_cpp/launch) by extension 'ignore'
[0.552s] Level 1:colcon.colcon_core.package_identification:_identify(src/Offboard_lowlevel_cpp/launch) by extension 'ignore_ament_install'
[0.552s] Level 1:colcon.colcon_core.package_identification:_identify(src/Offboard_lowlevel_cpp/launch) by extensions ['colcon_pkg']
[0.552s] Level 1:colcon.colcon_core.package_identification:_identify(src/Offboard_lowlevel_cpp/launch) by extension 'colcon_pkg'
[0.552s] Level 1:colcon.colcon_core.package_identification:_identify(src/Offboard_lowlevel_cpp/launch) by extensions ['colcon_meta']
[0.552s] Level 1:colcon.colcon_core.package_identification:_identify(src/Offboard_lowlevel_cpp/launch) by extension 'colcon_meta'
[0.553s] Level 1:colcon.colcon_core.package_identification:_identify(src/Offboard_lowlevel_cpp/launch) by extensions ['ros']
[0.553s] Level 1:colcon.colcon_core.package_identification:_identify(src/Offboard_lowlevel_cpp/launch) by extension 'ros'
[0.553s] Level 1:colcon.colcon_core.package_identification:_identify(src/Offboard_lowlevel_cpp/launch) by extensions ['cmake', 'python']
[0.553s] Level 1:colcon.colcon_core.package_identification:_identify(src/Offboard_lowlevel_cpp/launch) by extension 'cmake'
[0.553s] Level 1:colcon.colcon_core.package_identification:_identify(src/Offboard_lowlevel_cpp/launch) by extension 'python'
[0.553s] Level 1:colcon.colcon_core.package_identification:_identify(src/Offboard_lowlevel_cpp/launch) by extensions ['python_setup_py']
[0.553s] Level 1:colcon.colcon_core.package_identification:_identify(src/Offboard_lowlevel_cpp/launch) by extension 'python_setup_py'
[0.553s] Level 1:colcon.colcon_core.package_identification:_identify(src/Offboard_lowlevel_cpp/px4_offboard_lowlevel) by extensions ['ignore', 'ignore_ament_install']
[0.553s] Level 1:colcon.colcon_core.package_identification:_identify(src/Offboard_lowlevel_cpp/px4_offboard_lowlevel) by extension 'ignore'
[0.554s] Level 1:colcon.colcon_core.package_identification:_identify(src/Offboard_lowlevel_cpp/px4_offboard_lowlevel) by extension 'ignore_ament_install'
[0.554s] Level 1:colcon.colcon_core.package_identification:_identify(src/Offboard_lowlevel_cpp/px4_offboard_lowlevel) by extensions ['colcon_pkg']
[0.554s] Level 1:colcon.colcon_core.package_identification:_identify(src/Offboard_lowlevel_cpp/px4_offboard_lowlevel) by extension 'colcon_pkg'
[0.554s] Level 1:colcon.colcon_core.package_identification:_identify(src/Offboard_lowlevel_cpp/px4_offboard_lowlevel) by extensions ['colcon_meta']
[0.554s] Level 1:colcon.colcon_core.package_identification:_identify(src/Offboard_lowlevel_cpp/px4_offboard_lowlevel) by extension 'colcon_meta'
[0.554s] Level 1:colcon.colcon_core.package_identification:_identify(src/Offboard_lowlevel_cpp/px4_offboard_lowlevel) by extensions ['ros']
[0.554s] Level 1:colcon.colcon_core.package_identification:_identify(src/Offboard_lowlevel_cpp/px4_offboard_lowlevel) by extension 'ros'
[0.554s] Level 1:colcon.colcon_core.package_identification:_identify(src/Offboard_lowlevel_cpp/px4_offboard_lowlevel) by extensions ['cmake', 'python']
[0.554s] Level 1:colcon.colcon_core.package_identification:_identify(src/Offboard_lowlevel_cpp/px4_offboard_lowlevel) by extension 'cmake'
[0.554s] Level 1:colcon.colcon_core.package_identification:_identify(src/Offboard_lowlevel_cpp/px4_offboard_lowlevel) by extension 'python'
[0.554s] Level 1:colcon.colcon_core.package_identification:_identify(src/Offboard_lowlevel_cpp/px4_offboard_lowlevel) by extensions ['python_setup_py']
[0.554s] Level 1:colcon.colcon_core.package_identification:_identify(src/Offboard_lowlevel_cpp/px4_offboard_lowlevel) by extension 'python_setup_py'
[0.554s] Level 1:colcon.colcon_core.package_identification:_identify(src/Offboard_lowlevel_cpp/scripts) by extensions ['ignore', 'ignore_ament_install']
[0.554s] Level 1:colcon.colcon_core.package_identification:_identify(src/Offboard_lowlevel_cpp/scripts) by extension 'ignore'
[0.554s] Level 1:colcon.colcon_core.package_identification:_identify(src/Offboard_lowlevel_cpp/scripts) by extension 'ignore_ament_install'
[0.554s] Level 1:colcon.colcon_core.package_identification:_identify(src/Offboard_lowlevel_cpp/scripts) by extensions ['colcon_pkg']
[0.554s] Level 1:colcon.colcon_core.package_identification:_identify(src/Offboard_lowlevel_cpp/scripts) by extension 'colcon_pkg'
[0.554s] Level 1:colcon.colcon_core.package_identification:_identify(src/Offboard_lowlevel_cpp/scripts) by extensions ['colcon_meta']
[0.554s] Level 1:colcon.colcon_core.package_identification:_identify(src/Offboard_lowlevel_cpp/scripts) by extension 'colcon_meta'
[0.555s] Level 1:colcon.colcon_core.package_identification:_identify(src/Offboard_lowlevel_cpp/scripts) by extensions ['ros']
[0.555s] Level 1:colcon.colcon_core.package_identification:_identify(src/Offboard_lowlevel_cpp/scripts) by extension 'ros'
[0.555s] Level 1:colcon.colcon_core.package_identification:_identify(src/Offboard_lowlevel_cpp/scripts) by extensions ['cmake', 'python']
[0.555s] Level 1:colcon.colcon_core.package_identification:_identify(src/Offboard_lowlevel_cpp/scripts) by extension 'cmake'
[0.555s] Level 1:colcon.colcon_core.package_identification:_identify(src/Offboard_lowlevel_cpp/scripts) by extension 'python'
[0.555s] Level 1:colcon.colcon_core.package_identification:_identify(src/Offboard_lowlevel_cpp/scripts) by extensions ['python_setup_py']
[0.555s] Level 1:colcon.colcon_core.package_identification:_identify(src/Offboard_lowlevel_cpp/scripts) by extension 'python_setup_py'
[0.555s] Level 1:colcon.colcon_core.package_identification:_identify(src/px4_msgs) by extensions ['ignore', 'ignore_ament_install']
[0.555s] Level 1:colcon.colcon_core.package_identification:_identify(src/px4_msgs) by extension 'ignore'
[0.555s] Level 1:colcon.colcon_core.package_identification:_identify(src/px4_msgs) by extension 'ignore_ament_install'
[0.555s] Level 1:colcon.colcon_core.package_identification:_identify(src/px4_msgs) by extensions ['colcon_pkg']
[0.555s] Level 1:colcon.colcon_core.package_identification:_identify(src/px4_msgs) by extension 'colcon_pkg'
[0.555s] Level 1:colcon.colcon_core.package_identification:_identify(src/px4_msgs) by extensions ['colcon_meta']
[0.555s] Level 1:colcon.colcon_core.package_identification:_identify(src/px4_msgs) by extension 'colcon_meta'
[0.555s] Level 1:colcon.colcon_core.package_identification:_identify(src/px4_msgs) by extensions ['ros']
[0.555s] Level 1:colcon.colcon_core.package_identification:_identify(src/px4_msgs) by extension 'ros'
[0.555s] Level 1:colcon.colcon_core.package_identification:_identify(src/px4_msgs) by extensions ['cmake', 'python']
[0.555s] Level 1:colcon.colcon_core.package_identification:_identify(src/px4_msgs) by extension 'cmake'
[0.555s] Level 1:colcon.colcon_core.package_identification:_identify(src/px4_msgs) by extension 'python'
[0.555s] Level 1:colcon.colcon_core.package_identification:_identify(src/px4_msgs) by extensions ['python_setup_py']
[0.555s] Level 1:colcon.colcon_core.package_identification:_identify(src/px4_msgs) by extension 'python_setup_py'
[0.555s] Level 1:colcon.colcon_core.package_identification:_identify(src/px4_offboard_MPC_velocity) by extensions ['ignore', 'ignore_ament_install']
[0.555s] Level 1:colcon.colcon_core.package_identification:_identify(src/px4_offboard_MPC_velocity) by extension 'ignore'
[0.555s] Level 1:colcon.colcon_core.package_identification:_identify(src/px4_offboard_MPC_velocity) by extension 'ignore_ament_install'
[0.556s] Level 1:colcon.colcon_core.package_identification:_identify(src/px4_offboard_MPC_velocity) by extensions ['colcon_pkg']
[0.556s] Level 1:colcon.colcon_core.package_identification:_identify(src/px4_offboard_MPC_velocity) by extension 'colcon_pkg'
[0.556s] Level 1:colcon.colcon_core.package_identification:_identify(src/px4_offboard_MPC_velocity) by extensions ['colcon_meta']
[0.556s] Level 1:colcon.colcon_core.package_identification:_identify(src/px4_offboard_MPC_velocity) by extension 'colcon_meta'
[0.556s] Level 1:colcon.colcon_core.package_identification:_identify(src/px4_offboard_MPC_velocity) by extensions ['ros']
[0.556s] Level 1:colcon.colcon_core.package_identification:_identify(src/px4_offboard_MPC_velocity) by extension 'ros'
[0.559s] DEBUG:colcon.colcon_core.package_identification:Package 'src/px4_offboard_MPC_velocity' with type 'ros.ament_python' and name 'px4_offboard_MPC-velocity'
[0.559s] Level 1:colcon.colcon_core.package_identification:_identify(src/px4_offboard_position) by extensions ['ignore', 'ignore_ament_install']
[0.560s] Level 1:colcon.colcon_core.package_identification:_identify(src/px4_offboard_position) by extension 'ignore'
[0.560s] Level 1:colcon.colcon_core.package_identification:_identify(src/px4_offboard_position) by extension 'ignore_ament_install'
[0.560s] Level 1:colcon.colcon_core.package_identification:_identify(src/px4_offboard_position) by extensions ['colcon_pkg']
[0.560s] Level 1:colcon.colcon_core.package_identification:_identify(src/px4_offboard_position) by extension 'colcon_pkg'
[0.560s] Level 1:colcon.colcon_core.package_identification:_identify(src/px4_offboard_position) by extensions ['colcon_meta']
[0.560s] Level 1:colcon.colcon_core.package_identification:_identify(src/px4_offboard_position) by extension 'colcon_meta'
[0.561s] Level 1:colcon.colcon_core.package_identification:_identify(src/px4_offboard_position) by extensions ['ros']
[0.561s] Level 1:colcon.colcon_core.package_identification:_identify(src/px4_offboard_position) by extension 'ros'
[0.561s] DEBUG:colcon.colcon_core.package_identification:Package 'src/px4_offboard_position' with type 'ros.ament_python' and name 'px4_offboard_position'
[0.562s] Level 1:colcon.colcon_core.package_identification:_identify(src/px4_offboard_velocity) by extensions ['ignore', 'ignore_ament_install']
[0.562s] Level 1:colcon.colcon_core.package_identification:_identify(src/px4_offboard_velocity) by extension 'ignore'
[0.562s] Level 1:colcon.colcon_core.package_identification:_identify(src/px4_offboard_velocity) by extension 'ignore_ament_install'
[0.562s] Level 1:colcon.colcon_core.package_identification:_identify(src/px4_offboard_velocity) by extensions ['colcon_pkg']
[0.562s] Level 1:colcon.colcon_core.package_identification:_identify(src/px4_offboard_velocity) by extension 'colcon_pkg'
[0.562s] Level 1:colcon.colcon_core.package_identification:_identify(src/px4_offboard_velocity) by extensions ['colcon_meta']
[0.563s] Level 1:colcon.colcon_core.package_identification:_identify(src/px4_offboard_velocity) by extension 'colcon_meta'
[0.563s] Level 1:colcon.colcon_core.package_identification:_identify(src/px4_offboard_velocity) by extensions ['ros']
[0.563s] Level 1:colcon.colcon_core.package_identification:_identify(src/px4_offboard_velocity) by extension 'ros'
[0.563s] Level 1:colcon.colcon_core.package_identification:_identify(src/px4_offboard_velocity) by extensions ['cmake', 'python']
[0.563s] Level 1:colcon.colcon_core.package_identification:_identify(src/px4_offboard_velocity) by extension 'cmake'
[0.563s] Level 1:colcon.colcon_core.package_identification:_identify(src/px4_offboard_velocity) by extension 'python'
[0.564s] Level 1:colcon.colcon_core.package_identification:_identify(src/px4_offboard_velocity) by extensions ['python_setup_py']
[0.564s] Level 1:colcon.colcon_core.package_identification:_identify(src/px4_offboard_velocity) by extension 'python_setup_py'
[0.564s] Level 1:colcon.colcon_core.package_identification:_identify(src/px4_offboard_velocity/px4_offboard) by extensions ['ignore', 'ignore_ament_install']
[0.564s] Level 1:colcon.colcon_core.package_identification:_identify(src/px4_offboard_velocity/px4_offboard) by extension 'ignore'
[0.564s] Level 1:colcon.colcon_core.package_identification:_identify(src/px4_offboard_velocity/px4_offboard) by extension 'ignore_ament_install'
[0.564s] Level 1:colcon.colcon_core.package_identification:_identify(src/px4_offboard_velocity/px4_offboard) by extensions ['colcon_pkg']
[0.565s] Level 1:colcon.colcon_core.package_identification:_identify(src/px4_offboard_velocity/px4_offboard) by extension 'colcon_pkg'
[0.565s] Level 1:colcon.colcon_core.package_identification:_identify(src/px4_offboard_velocity/px4_offboard) by extensions ['colcon_meta']
[0.565s] Level 1:colcon.colcon_core.package_identification:_identify(src/px4_offboard_velocity/px4_offboard) by extension 'colcon_meta'
[0.565s] Level 1:colcon.colcon_core.package_identification:_identify(src/px4_offboard_velocity/px4_offboard) by extensions ['ros']
[0.565s] Level 1:colcon.colcon_core.package_identification:_identify(src/px4_offboard_velocity/px4_offboard) by extension 'ros'
[0.567s] DEBUG:colcon.colcon_core.package_identification:Package 'src/px4_offboard_velocity/px4_offboard' with type 'ros.ament_python' and name 'px4_offboard'
[0.567s] Level 1:colcon.colcon_core.package_identification:_identify(src/px4_ros_com) by extensions ['ignore', 'ignore_ament_install']
[0.567s] Level 1:colcon.colcon_core.package_identification:_identify(src/px4_ros_com) by extension 'ignore'
[0.567s] Level 1:colcon.colcon_core.package_identification:_identify(src/px4_ros_com) by extension 'ignore_ament_install'
[0.567s] Level 1:colcon.colcon_core.package_identification:_identify(src/px4_ros_com) by extensions ['colcon_pkg']
[0.567s] Level 1:colcon.colcon_core.package_identification:_identify(src/px4_ros_com) by extension 'colcon_pkg'
[0.568s] Level 1:colcon.colcon_core.package_identification:_identify(src/px4_ros_com) by extensions ['colcon_meta']
[0.568s] Level 1:colcon.colcon_core.package_identification:_identify(src/px4_ros_com) by extension 'colcon_meta'
[0.568s] Level 1:colcon.colcon_core.package_identification:_identify(src/px4_ros_com) by extensions ['ros']
[0.568s] Level 1:colcon.colcon_core.package_identification:_identify(src/px4_ros_com) by extension 'ros'
[0.568s] Level 1:colcon.colcon_core.package_identification:_identify(src/px4_ros_com) by extensions ['cmake', 'python']
[0.569s] Level 1:colcon.colcon_core.package_identification:_identify(src/px4_ros_com) by extension 'cmake'
[0.569s] Level 1:colcon.colcon_core.package_identification:_identify(src/px4_ros_com) by extension 'python'
[0.569s] Level 1:colcon.colcon_core.package_identification:_identify(src/px4_ros_com) by extensions ['python_setup_py']
[0.569s] Level 1:colcon.colcon_core.package_identification:_identify(src/px4_ros_com) by extension 'python_setup_py'
[0.570s] Level 1:colcon.colcon_core.package_discovery:discover_packages(recursive) using defaults
[0.570s] Level 1:colcon.colcon_core.package_discovery:discover_packages(ignore) discover
[0.570s] Level 1:colcon.colcon_core.package_discovery:discover_packages(ignore) using defaults
[0.570s] Level 1:colcon.colcon_core.package_discovery:discover_packages(path) discover
[0.570s] Level 1:colcon.colcon_core.package_discovery:discover_packages(path) using defaults
[0.610s] INFO:colcon.colcon_core.package_selection:Skipping not selected package 'px4_offboard_MPC-velocity' in 'src/px4_offboard_MPC_velocity'
[0.611s] INFO:colcon.colcon_core.package_selection:Skipping not selected package 'px4_offboard_position' in 'src/px4_offboard_position'
[0.611s] Level 1:colcon.colcon_core.package_discovery:discover_packages(prefix_path) check parameters
[0.611s] Level 1:colcon.colcon_core.package_discovery:discover_packages(prefix_path) discover
[0.615s] DEBUG:colcon.colcon_installed_package_information.package_discovery:Found 286 installed packages in /opt/ros/humble
[0.631s] Level 1:colcon.colcon_core.package_discovery:discover_packages(prefix_path) using defaults
[0.692s] Level 5:colcon.colcon_core.verb:set package 'px4_offboard' build argument 'cmake_args' from command line to 'None'
[0.692s] Level 5:colcon.colcon_core.verb:set package 'px4_offboard' build argument 'cmake_target' from command line to 'None'
[0.692s] Level 5:colcon.colcon_core.verb:set package 'px4_offboard' build argument 'cmake_target_skip_unavailable' from command line to 'False'
[0.692s] Level 5:colcon.colcon_core.verb:set package 'px4_offboard' build argument 'cmake_clean_cache' from command line to 'False'
[0.693s] Level 5:colcon.colcon_core.verb:set package 'px4_offboard' build argument 'cmake_clean_first' from command line to 'False'
[0.693s] Level 5:colcon.colcon_core.verb:set package 'px4_offboard' build argument 'cmake_force_configure' from command line to 'False'
[0.693s] Level 5:colcon.colcon_core.verb:set package 'px4_offboard' build argument 'ament_cmake_args' from command line to 'None'
[0.693s] Level 5:colcon.colcon_core.verb:set package 'px4_offboard' build argument 'catkin_cmake_args' from command line to 'None'
[0.693s] Level 5:colcon.colcon_core.verb:set package 'px4_offboard' build argument 'catkin_skip_building_tests' from command line to 'False'
[0.693s] DEBUG:colcon.colcon_core.verb:Building package 'px4_offboard' with the following arguments: {'ament_cmake_args': None, 'build_base': '/home/guiliang-linux/Documents/projects/DroneProject/ws_px4_ros2_controlAlgorithm/build/px4_offboard', 'catkin_cmake_args': None, 'catkin_skip_building_tests': False, 'cmake_args': None, 'cmake_clean_cache': False, 'cmake_clean_first': False, 'cmake_force_configure': False, 'cmake_target': None, 'cmake_target_skip_unavailable': False, 'install_base': '/home/guiliang-linux/Documents/projects/DroneProject/ws_px4_ros2_controlAlgorithm/install/px4_offboard', 'merge_install': False, 'path': '/home/guiliang-linux/Documents/projects/DroneProject/ws_px4_ros2_controlAlgorithm/src/px4_offboard_velocity/px4_offboard', 'symlink_install': False, 'test_result_base': None}
[0.694s] INFO:colcon.colcon_core.executor:Executing jobs using 'parallel' executor
[0.695s] DEBUG:colcon.colcon_parallel_executor.executor.parallel:run_until_complete
[0.696s] INFO:colcon.colcon_ros.task.ament_python.build:Building ROS package in '/home/guiliang-linux/Documents/projects/DroneProject/ws_px4_ros2_controlAlgorithm/src/px4_offboard_velocity/px4_offboard' with build type 'ament_python'
[0.696s] Level 1:colcon.colcon_core.shell:create_environment_hook('px4_offboard', 'ament_prefix_path')
[0.708s] INFO:colcon.colcon_core.plugin_system:Skipping extension 'colcon_core.shell.bat': Not used on non-Windows systems
[0.708s] INFO:colcon.colcon_core.shell:Creating environment hook '/home/guiliang-linux/Documents/projects/DroneProject/ws_px4_ros2_controlAlgorithm/install/px4_offboard/share/px4_offboard/hook/ament_prefix_path.ps1'
[0.711s] INFO:colcon.colcon_core.shell:Creating environment descriptor '/home/guiliang-linux/Documents/projects/DroneProject/ws_px4_ros2_controlAlgorithm/install/px4_offboard/share/px4_offboard/hook/ament_prefix_path.dsv'
[0.713s] INFO:colcon.colcon_core.shell:Creating environment hook '/home/guiliang-linux/Documents/projects/DroneProject/ws_px4_ros2_controlAlgorithm/install/px4_offboard/share/px4_offboard/hook/ament_prefix_path.sh'
[0.714s] INFO:colcon.colcon_core.shell:Skip shell extension 'powershell' for command environment: Not usable outside of PowerShell
[0.714s] DEBUG:colcon.colcon_core.shell:Skip shell extension 'dsv' for command environment
[1.485s] INFO:colcon.colcon_core.task.python.build:Building Python package in '/home/guiliang-linux/Documents/projects/DroneProject/ws_px4_ros2_controlAlgorithm/src/px4_offboard_velocity/px4_offboard'
[1.486s] INFO:colcon.colcon_core.shell:Skip shell extension 'powershell' for command environment: Not usable outside of PowerShell
[1.486s] DEBUG:colcon.colcon_core.shell:Skip shell extension 'dsv' for command environment
[3.232s] DEBUG:colcon.colcon_core.event_handler.log_command:Invoking command in '/home/guiliang-linux/Documents/projects/DroneProject/ws_px4_ros2_controlAlgorithm/src/px4_offboard_velocity/px4_offboard': PYTHONPATH=/home/guiliang-linux/Documents/projects/DroneProject/ws_px4_ros2_controlAlgorithm/build/px4_offboard/prefix_override:/usr/lib/python3/dist-packages/colcon_core/task/python/colcon_distutils_commands:/home/guiliang-linux/Documents/projects/DroneProject/ws_px4_ros2_controlAlgorithm/install/px4_offboard/lib/python3.10/site-packages:${PYTHONPATH} /usr/bin/python3 -W ignore:setup.py install is deprecated setup.py egg_info --egg-base ../../../build/px4_offboard build --build-base /home/guiliang-linux/Documents/projects/DroneProject/ws_px4_ros2_controlAlgorithm/build/px4_offboard/build install --record /home/guiliang-linux/Documents/projects/DroneProject/ws_px4_ros2_controlAlgorithm/build/px4_offboard/install.log --single-version-externally-managed install_data
[4.454s] DEBUG:colcon.colcon_core.event_handler.log_command:Invoked command in '/home/guiliang-linux/Documents/projects/DroneProject/ws_px4_ros2_controlAlgorithm/src/px4_offboard_velocity/px4_offboard' returned '0': PYTHONPATH=/home/guiliang-linux/Documents/projects/DroneProject/ws_px4_ros2_controlAlgorithm/build/px4_offboard/prefix_override:/usr/lib/python3/dist-packages/colcon_core/task/python/colcon_distutils_commands:/home/guiliang-linux/Documents/projects/DroneProject/ws_px4_ros2_controlAlgorithm/install/px4_offboard/lib/python3.10/site-packages:${PYTHONPATH} /usr/bin/python3 -W ignore:setup.py install is deprecated setup.py egg_info --egg-base ../../../build/px4_offboard build --build-base /home/guiliang-linux/Documents/projects/DroneProject/ws_px4_ros2_controlAlgorithm/build/px4_offboard/build install --record /home/guiliang-linux/Documents/projects/DroneProject/ws_px4_ros2_controlAlgorithm/build/px4_offboard/install.log --single-version-externally-managed install_data
[4.469s] Level 1:colcon.colcon_core.environment:checking '/home/guiliang-linux/Documents/projects/DroneProject/ws_px4_ros2_controlAlgorithm/install/px4_offboard' for CMake module files
[4.470s] Level 1:colcon.colcon_core.environment:checking '/home/guiliang-linux/Documents/projects/DroneProject/ws_px4_ros2_controlAlgorithm/install/px4_offboard' for CMake config files
[4.471s] Level 1:colcon.colcon_core.environment:checking '/home/guiliang-linux/Documents/projects/DroneProject/ws_px4_ros2_controlAlgorithm/install/px4_offboard/lib'
[4.471s] Level 1:colcon.colcon_core.environment:checking '/home/guiliang-linux/Documents/projects/DroneProject/ws_px4_ros2_controlAlgorithm/install/px4_offboard/bin'
[4.471s] Level 1:colcon.colcon_core.environment:checking '/home/guiliang-linux/Documents/projects/DroneProject/ws_px4_ros2_controlAlgorithm/install/px4_offboard/lib/pkgconfig/px4_offboard.pc'
[4.471s] Level 1:colcon.colcon_core.environment:checking '/home/guiliang-linux/Documents/projects/DroneProject/ws_px4_ros2_controlAlgorithm/install/px4_offboard/lib/python3.10/site-packages'
[4.471s] Level 1:colcon.colcon_core.shell:create_environment_hook('px4_offboard', 'pythonpath')
[4.472s] INFO:colcon.colcon_core.shell:Creating environment hook '/home/guiliang-linux/Documents/projects/DroneProject/ws_px4_ros2_controlAlgorithm/install/px4_offboard/share/px4_offboard/hook/pythonpath.ps1'
[4.472s] INFO:colcon.colcon_core.shell:Creating environment descriptor '/home/guiliang-linux/Documents/projects/DroneProject/ws_px4_ros2_controlAlgorithm/install/px4_offboard/share/px4_offboard/hook/pythonpath.dsv'
[4.472s] INFO:colcon.colcon_core.shell:Creating environment hook '/home/guiliang-linux/Documents/projects/DroneProject/ws_px4_ros2_controlAlgorithm/install/px4_offboard/share/px4_offboard/hook/pythonpath.sh'
[4.473s] Level 1:colcon.colcon_core.environment:checking '/home/guiliang-linux/Documents/projects/DroneProject/ws_px4_ros2_controlAlgorithm/install/px4_offboard/bin'
[4.473s] Level 1:colcon.colcon_core.environment:create_environment_scripts_only(px4_offboard)
[4.474s] INFO:colcon.colcon_core.shell:Creating package script '/home/guiliang-linux/Documents/projects/DroneProject/ws_px4_ros2_controlAlgorithm/install/px4_offboard/share/px4_offboard/package.ps1'
[4.475s] INFO:colcon.colcon_core.shell:Creating package descriptor '/home/guiliang-linux/Documents/projects/DroneProject/ws_px4_ros2_controlAlgorithm/install/px4_offboard/share/px4_offboard/package.dsv'
[4.482s] INFO:colcon.colcon_core.shell:Creating package script '/home/guiliang-linux/Documents/projects/DroneProject/ws_px4_ros2_controlAlgorithm/install/px4_offboard/share/px4_offboard/package.sh'
[4.487s] INFO:colcon.colcon_core.shell:Creating package script '/home/guiliang-linux/Documents/projects/DroneProject/ws_px4_ros2_controlAlgorithm/install/px4_offboard/share/px4_offboard/package.bash'
[4.490s] INFO:colcon.colcon_core.shell:Creating package script '/home/guiliang-linux/Documents/projects/DroneProject/ws_px4_ros2_controlAlgorithm/install/px4_offboard/share/px4_offboard/package.zsh'
[4.496s] Level 1:colcon.colcon_core.environment:create_file_with_runtime_dependencies(/home/guiliang-linux/Documents/projects/DroneProject/ws_px4_ros2_controlAlgorithm/install/px4_offboard/share/colcon-core/packages/px4_offboard)
[4.498s] DEBUG:colcon.colcon_parallel_executor.executor.parallel:closing loop
[4.498s] DEBUG:colcon.colcon_parallel_executor.executor.parallel:loop closed
[4.499s] DEBUG:colcon.colcon_parallel_executor.executor.parallel:run_until_complete finished with '0'
[4.499s] DEBUG:colcon.colcon_core.event_reactor:joining thread
[4.515s] INFO:colcon.colcon_core.plugin_system:Skipping extension 'colcon_notification.desktop_notification.terminal_notifier': Not used on non-Darwin systems
[4.515s] INFO:colcon.colcon_core.plugin_system:Skipping extension 'colcon_notification.desktop_notification.win32': Not used on non-Windows systems
[4.515s] INFO:colcon.colcon_notification.desktop_notification:Sending desktop notification using 'notify2'
[4.871s] DEBUG:colcon.colcon_core.event_reactor:joined thread
[4.871s] INFO:colcon.colcon_core.shell:Creating prefix script '/home/guiliang-linux/Documents/projects/DroneProject/ws_px4_ros2_controlAlgorithm/install/local_setup.ps1'
[4.874s] INFO:colcon.colcon_core.shell:Creating prefix util module '/home/guiliang-linux/Documents/projects/DroneProject/ws_px4_ros2_controlAlgorithm/install/_local_setup_util_ps1.py'
[4.876s] INFO:colcon.colcon_core.shell:Creating prefix chain script '/home/guiliang-linux/Documents/projects/DroneProject/ws_px4_ros2_controlAlgorithm/install/setup.ps1'
[4.878s] INFO:colcon.colcon_core.shell:Creating prefix script '/home/guiliang-linux/Documents/projects/DroneProject/ws_px4_ros2_controlAlgorithm/install/local_setup.sh'
[4.879s] INFO:colcon.colcon_core.shell:Creating prefix util module '/home/guiliang-linux/Documents/projects/DroneProject/ws_px4_ros2_controlAlgorithm/install/_local_setup_util_sh.py'
[4.880s] INFO:colcon.colcon_core.shell:Creating prefix chain script '/home/guiliang-linux/Documents/projects/DroneProject/ws_px4_ros2_controlAlgorithm/install/setup.sh'
[4.898s] INFO:colcon.colcon_core.shell:Creating prefix script '/home/guiliang-linux/Documents/projects/DroneProject/ws_px4_ros2_controlAlgorithm/install/local_setup.bash'
[4.903s] INFO:colcon.colcon_core.shell:Creating prefix chain script '/home/guiliang-linux/Documents/projects/DroneProject/ws_px4_ros2_controlAlgorithm/install/setup.bash'
[4.915s] INFO:colcon.colcon_core.shell:Creating prefix script '/home/guiliang-linux/Documents/projects/DroneProject/ws_px4_ros2_controlAlgorithm/install/local_setup.zsh'
[4.946s] INFO:colcon.colcon_core.shell:Creating prefix chain script '/home/guiliang-linux/Documents/projects/DroneProject/ws_px4_ros2_controlAlgorithm/install/setup.zsh'
