[0.533s] Invoking command in '/home/mist/Documents/projects/DroneProject/ws_px4_ros2_controlAlgorithm/src/px4_offboard_velocity/px4_offboard': AMENT_PREFIX_PATH=/home/mist/Documents/projects/DroneProject/ws_px4_ros2_controlAlgorithm/install/px4_msgs:${AMENT_PREFIX_PATH} CMAKE_PREFIX_PATH=/home/mist/Documents/projects/DroneProject/ws_px4_ros2_controlAlgorithm/install/px4_msgs:${CMAKE_PREFIX_PATH} LD_LIBRARY_PATH=/home/mist/Documents/projects/DroneProject/ws_px4_ros2_controlAlgorithm/install/px4_msgs/lib:${LD_LIBRARY_PATH} PYTHONPATH=/home/mist/Documents/projects/DroneProject/ws_px4_ros2_controlAlgorithm/build/px4_offboard/prefix_override:/usr/lib/python3/dist-packages/colcon_core/task/python/colcon_distutils_commands:/home/mist/Documents/projects/DroneProject/ws_px4_ros2_controlAlgorithm/install/px4_offboard/lib/python3.10/site-packages:/home/mist/Documents/projects/DroneProject/ws_px4_ros2_controlAlgorithm/install/px4_msgs/local/lib/python3.10/dist-packages:${PYTHONPATH} /usr/bin/python3 -W ignore:setup.py install is deprecated setup.py egg_info --egg-base ../../../build/px4_offboard build --build-base /home/mist/Documents/projects/DroneProject/ws_px4_ros2_controlAlgorithm/build/px4_offboard/build install --record /home/mist/Documents/projects/DroneProject/ws_px4_ros2_controlAlgorithm/build/px4_offboard/install.log --single-version-externally-managed install_data
[0.683s] running egg_info
[0.694s] writing ../../../build/px4_offboard/px4_offboard.egg-info/PKG-INFO
[0.694s] writing dependency_links to ../../../build/px4_offboard/px4_offboard.egg-info/dependency_links.txt
[0.694s] writing entry points to ../../../build/px4_offboard/px4_offboard.egg-info/entry_points.txt
[0.694s] writing requirements to ../../../build/px4_offboard/px4_offboard.egg-info/requires.txt
[0.694s] writing top-level names to ../../../build/px4_offboard/px4_offboard.egg-info/top_level.txt
[0.715s] reading manifest file '../../../build/px4_offboard/px4_offboard.egg-info/SOURCES.txt'
[0.715s] adding license file 'LICENSE'
[0.715s] writing manifest file '../../../build/px4_offboard/px4_offboard.egg-info/SOURCES.txt'
[0.715s] running build
[0.715s] running build_py
[0.715s] copying px4_offboard/position_velocity_control.py -> /home/mist/Documents/projects/DroneProject/ws_px4_ros2_controlAlgorithm/build/px4_offboard/build/lib/px4_offboard
[0.715s] copying px4_offboard/processes.py -> /home/mist/Documents/projects/DroneProject/ws_px4_ros2_controlAlgorithm/build/px4_offboard/build/lib/px4_offboard
[0.715s] copying px4_offboard/visualizer.py -> /home/mist/Documents/projects/DroneProject/ws_px4_ros2_controlAlgorithm/build/px4_offboard/build/lib/px4_offboard
[0.715s] copying px4_offboard/temp.py -> /home/mist/Documents/projects/DroneProject/ws_px4_ros2_controlAlgorithm/build/px4_offboard/build/lib/px4_offboard
[0.716s] copying px4_offboard/velocity_control.py -> /home/mist/Documents/projects/DroneProject/ws_px4_ros2_controlAlgorithm/build/px4_offboard/build/lib/px4_offboard
[0.716s] copying px4_offboard/__init__.py -> /home/mist/Documents/projects/DroneProject/ws_px4_ros2_controlAlgorithm/build/px4_offboard/build/lib/px4_offboard
[0.716s] copying px4_offboard/control.py -> /home/mist/Documents/projects/DroneProject/ws_px4_ros2_controlAlgorithm/build/px4_offboard/build/lib/px4_offboard
[0.716s] running install
[0.718s] running install_lib
[0.729s] copying /home/mist/Documents/projects/DroneProject/ws_px4_ros2_controlAlgorithm/build/px4_offboard/build/lib/px4_offboard/position_velocity_control.py -> /home/mist/Documents/projects/DroneProject/ws_px4_ros2_controlAlgorithm/install/px4_offboard/lib/python3.10/site-packages/px4_offboard
[0.729s] byte-compiling /home/mist/Documents/projects/DroneProject/ws_px4_ros2_controlAlgorithm/install/px4_offboard/lib/python3.10/site-packages/px4_offboard/position_velocity_control.py to position_velocity_control.cpython-310.pyc
[0.731s] running install_data
[0.731s] copying resource/px4_offboard -> /home/mist/Documents/projects/DroneProject/ws_px4_ros2_controlAlgorithm/install/px4_offboard/share/ament_index/resource_index/packages
[0.731s] copying resource/visualize.rviz -> /home/mist/Documents/projects/DroneProject/ws_px4_ros2_controlAlgorithm/install/px4_offboard/share/ament_index/resource_index/packages
[0.731s] copying package.xml -> /home/mist/Documents/projects/DroneProject/ws_px4_ros2_controlAlgorithm/install/px4_offboard/share/px4_offboard
[0.731s] copying launch/offboard_velocity_control.launch.py -> /home/mist/Documents/projects/DroneProject/ws_px4_ros2_controlAlgorithm/install/px4_offboard/share/px4_offboard
[0.731s] copying resource/visualize.rviz -> /home/mist/Documents/projects/DroneProject/ws_px4_ros2_controlAlgorithm/install/px4_offboard/share/px4_offboard
[0.731s] running install_egg_info
[0.742s] removing '/home/mist/Documents/projects/DroneProject/ws_px4_ros2_controlAlgorithm/install/px4_offboard/lib/python3.10/site-packages/px4_offboard-0.0.0-py3.10.egg-info' (and everything under it)
[0.742s] Copying ../../../build/px4_offboard/px4_offboard.egg-info to /home/mist/Documents/projects/DroneProject/ws_px4_ros2_controlAlgorithm/install/px4_offboard/lib/python3.10/site-packages/px4_offboard-0.0.0-py3.10.egg-info
[0.742s] running install_scripts
[0.836s] Installing control script to /home/mist/Documents/projects/DroneProject/ws_px4_ros2_controlAlgorithm/install/px4_offboard/lib/px4_offboard
[0.836s] Installing offboard_control script to /home/mist/Documents/projects/DroneProject/ws_px4_ros2_controlAlgorithm/install/px4_offboard/lib/px4_offboard
[0.836s] Installing position_velocity script to /home/mist/Documents/projects/DroneProject/ws_px4_ros2_controlAlgorithm/install/px4_offboard/lib/px4_offboard
[0.837s] Installing processes script to /home/mist/Documents/projects/DroneProject/ws_px4_ros2_controlAlgorithm/install/px4_offboard/lib/px4_offboard
[0.837s] Installing velocity_control script to /home/mist/Documents/projects/DroneProject/ws_px4_ros2_controlAlgorithm/install/px4_offboard/lib/px4_offboard
[0.837s] Installing visualizer script to /home/mist/Documents/projects/DroneProject/ws_px4_ros2_controlAlgorithm/install/px4_offboard/lib/px4_offboard
[0.837s] writing list of installed files to '/home/mist/Documents/projects/DroneProject/ws_px4_ros2_controlAlgorithm/build/px4_offboard/install.log'
[0.851s] Invoked command in '/home/mist/Documents/projects/DroneProject/ws_px4_ros2_controlAlgorithm/src/px4_offboard_velocity/px4_offboard' returned '0': AMENT_PREFIX_PATH=/home/mist/Documents/projects/DroneProject/ws_px4_ros2_controlAlgorithm/install/px4_msgs:${AMENT_PREFIX_PATH} CMAKE_PREFIX_PATH=/home/mist/Documents/projects/DroneProject/ws_px4_ros2_controlAlgorithm/install/px4_msgs:${CMAKE_PREFIX_PATH} LD_LIBRARY_PATH=/home/mist/Documents/projects/DroneProject/ws_px4_ros2_controlAlgorithm/install/px4_msgs/lib:${LD_LIBRARY_PATH} PYTHONPATH=/home/mist/Documents/projects/DroneProject/ws_px4_ros2_controlAlgorithm/build/px4_offboard/prefix_override:/usr/lib/python3/dist-packages/colcon_core/task/python/colcon_distutils_commands:/home/mist/Documents/projects/DroneProject/ws_px4_ros2_controlAlgorithm/install/px4_offboard/lib/python3.10/site-packages:/home/mist/Documents/projects/DroneProject/ws_px4_ros2_controlAlgorithm/install/px4_msgs/local/lib/python3.10/dist-packages:${PYTHONPATH} /usr/bin/python3 -W ignore:setup.py install is deprecated setup.py egg_info --egg-base ../../../build/px4_offboard build --build-base /home/mist/Documents/projects/DroneProject/ws_px4_ros2_controlAlgorithm/build/px4_offboard/build install --record /home/mist/Documents/projects/DroneProject/ws_px4_ros2_controlAlgorithm/build/px4_offboard/install.log --single-version-externally-managed install_data
