[0.752s] Invoking command in '/home/guiliang-linux/ws_px4_ros2_controlAlgorithm/src/px4_offboard_velocity/px4_offboard': AMENT_PREFIX_PATH=/home/guiliang-linux/ws_px4_ros2_controlAlgorithm/install/px4_msgs:${AMENT_PREFIX_PATH} CMAKE_PREFIX_PATH=/home/guiliang-linux/ws_px4_ros2_controlAlgorithm/install/px4_msgs LD_LIBRARY_PATH=/home/guiliang-linux/ws_px4_ros2_controlAlgorithm/install/px4_msgs/lib:${LD_LIBRARY_PATH} PYTHONPATH=/home/guiliang-linux/ws_px4_ros2_controlAlgorithm/build/px4_offboard/prefix_override:/usr/lib/python3/dist-packages/colcon_core/task/python/colcon_distutils_commands:/home/guiliang-linux/ws_px4_ros2_controlAlgorithm/install/px4_offboard/lib/python3.10/site-packages:/home/guiliang-linux/ws_px4_ros2_controlAlgorithm/install/px4_msgs/local/lib/python3.10/dist-packages:${PYTHONPATH} /usr/bin/python3 -W ignore:setup.py install is deprecated setup.py egg_info --egg-base ../../../build/px4_offboard build --build-base /home/guiliang-linux/ws_px4_ros2_controlAlgorithm/build/px4_offboard/build install --record /home/guiliang-linux/ws_px4_ros2_controlAlgorithm/build/px4_offboard/install.log --single-version-externally-managed install_data
[0.931s] running egg_info
[0.931s] creating ../../../build/px4_offboard/px4_offboard.egg-info
[0.940s] writing ../../../build/px4_offboard/px4_offboard.egg-info/PKG-INFO
[0.940s] writing dependency_links to ../../../build/px4_offboard/px4_offboard.egg-info/dependency_links.txt
[0.940s] writing entry points to ../../../build/px4_offboard/px4_offboard.egg-info/entry_points.txt
[0.941s] writing requirements to ../../../build/px4_offboard/px4_offboard.egg-info/requires.txt
[0.941s] writing top-level names to ../../../build/px4_offboard/px4_offboard.egg-info/top_level.txt
[0.941s] writing manifest file '../../../build/px4_offboard/px4_offboard.egg-info/SOURCES.txt'
[0.958s] reading manifest file '../../../build/px4_offboard/px4_offboard.egg-info/SOURCES.txt'
[0.958s] adding license file 'LICENSE'
[0.959s] writing manifest file '../../../build/px4_offboard/px4_offboard.egg-info/SOURCES.txt'
[0.959s] running build
[0.960s] running build_py
[0.960s] creating /home/guiliang-linux/ws_px4_ros2_controlAlgorithm/build/px4_offboard/build
[0.960s] creating /home/guiliang-linux/ws_px4_ros2_controlAlgorithm/build/px4_offboard/build/lib
[0.960s] creating /home/guiliang-linux/ws_px4_ros2_controlAlgorithm/build/px4_offboard/build/lib/px4_offboard
[0.961s] copying px4_offboard/__init__.py -> /home/guiliang-linux/ws_px4_ros2_controlAlgorithm/build/px4_offboard/build/lib/px4_offboard
[0.961s] copying px4_offboard/control.py -> /home/guiliang-linux/ws_px4_ros2_controlAlgorithm/build/px4_offboard/build/lib/px4_offboard
[0.961s] copying px4_offboard/processes.py -> /home/guiliang-linux/ws_px4_ros2_controlAlgorithm/build/px4_offboard/build/lib/px4_offboard
[0.961s] copying px4_offboard/visualizer.py -> /home/guiliang-linux/ws_px4_ros2_controlAlgorithm/build/px4_offboard/build/lib/px4_offboard
[0.961s] copying px4_offboard/velocity_control.py -> /home/guiliang-linux/ws_px4_ros2_controlAlgorithm/build/px4_offboard/build/lib/px4_offboard
[0.961s] running install
[0.964s] running install_lib
[0.973s] creating /home/guiliang-linux/ws_px4_ros2_controlAlgorithm/install/px4_offboard/lib/python3.10/site-packages/px4_offboard
[0.973s] copying /home/guiliang-linux/ws_px4_ros2_controlAlgorithm/build/px4_offboard/build/lib/px4_offboard/__init__.py -> /home/guiliang-linux/ws_px4_ros2_controlAlgorithm/install/px4_offboard/lib/python3.10/site-packages/px4_offboard
[0.973s] copying /home/guiliang-linux/ws_px4_ros2_controlAlgorithm/build/px4_offboard/build/lib/px4_offboard/control.py -> /home/guiliang-linux/ws_px4_ros2_controlAlgorithm/install/px4_offboard/lib/python3.10/site-packages/px4_offboard
[0.973s] copying /home/guiliang-linux/ws_px4_ros2_controlAlgorithm/build/px4_offboard/build/lib/px4_offboard/processes.py -> /home/guiliang-linux/ws_px4_ros2_controlAlgorithm/install/px4_offboard/lib/python3.10/site-packages/px4_offboard
[0.974s] copying /home/guiliang-linux/ws_px4_ros2_controlAlgorithm/build/px4_offboard/build/lib/px4_offboard/visualizer.py -> /home/guiliang-linux/ws_px4_ros2_controlAlgorithm/install/px4_offboard/lib/python3.10/site-packages/px4_offboard
[0.974s] copying /home/guiliang-linux/ws_px4_ros2_controlAlgorithm/build/px4_offboard/build/lib/px4_offboard/velocity_control.py -> /home/guiliang-linux/ws_px4_ros2_controlAlgorithm/install/px4_offboard/lib/python3.10/site-packages/px4_offboard
[0.974s] byte-compiling /home/guiliang-linux/ws_px4_ros2_controlAlgorithm/install/px4_offboard/lib/python3.10/site-packages/px4_offboard/__init__.py to __init__.cpython-310.pyc
[0.974s] byte-compiling /home/guiliang-linux/ws_px4_ros2_controlAlgorithm/install/px4_offboard/lib/python3.10/site-packages/px4_offboard/control.py to control.cpython-310.pyc
[0.975s] byte-compiling /home/guiliang-linux/ws_px4_ros2_controlAlgorithm/install/px4_offboard/lib/python3.10/site-packages/px4_offboard/processes.py to processes.cpython-310.pyc
[0.975s] byte-compiling /home/guiliang-linux/ws_px4_ros2_controlAlgorithm/install/px4_offboard/lib/python3.10/site-packages/px4_offboard/visualizer.py to visualizer.cpython-310.pyc
[0.976s] byte-compiling /home/guiliang-linux/ws_px4_ros2_controlAlgorithm/install/px4_offboard/lib/python3.10/site-packages/px4_offboard/velocity_control.py to velocity_control.cpython-310.pyc
[0.978s] running install_data
[0.978s] creating /home/guiliang-linux/ws_px4_ros2_controlAlgorithm/install/px4_offboard/share/ament_index
[0.978s] creating /home/guiliang-linux/ws_px4_ros2_controlAlgorithm/install/px4_offboard/share/ament_index/resource_index
[0.978s] creating /home/guiliang-linux/ws_px4_ros2_controlAlgorithm/install/px4_offboard/share/ament_index/resource_index/packages
[0.978s] copying resource/px4_offboard -> /home/guiliang-linux/ws_px4_ros2_controlAlgorithm/install/px4_offboard/share/ament_index/resource_index/packages
[0.978s] copying resource/visualize.rviz -> /home/guiliang-linux/ws_px4_ros2_controlAlgorithm/install/px4_offboard/share/ament_index/resource_index/packages
[0.978s] copying package.xml -> /home/guiliang-linux/ws_px4_ros2_controlAlgorithm/install/px4_offboard/share/px4_offboard
[0.979s] copying launch/offboard_velocity_control.launch.py -> /home/guiliang-linux/ws_px4_ros2_controlAlgorithm/install/px4_offboard/share/px4_offboard
[0.979s] copying resource/visualize.rviz -> /home/guiliang-linux/ws_px4_ros2_controlAlgorithm/install/px4_offboard/share/px4_offboard
[0.979s] running install_egg_info
[0.988s] Copying ../../../build/px4_offboard/px4_offboard.egg-info to /home/guiliang-linux/ws_px4_ros2_controlAlgorithm/install/px4_offboard/lib/python3.10/site-packages/px4_offboard-0.0.0-py3.10.egg-info
[0.989s] running install_scripts
[1.076s] Installing control script to /home/guiliang-linux/ws_px4_ros2_controlAlgorithm/install/px4_offboard/lib/px4_offboard
[1.076s] Installing offboard_control script to /home/guiliang-linux/ws_px4_ros2_controlAlgorithm/install/px4_offboard/lib/px4_offboard
[1.076s] Installing processes script to /home/guiliang-linux/ws_px4_ros2_controlAlgorithm/install/px4_offboard/lib/px4_offboard
[1.076s] Installing velocity_control script to /home/guiliang-linux/ws_px4_ros2_controlAlgorithm/install/px4_offboard/lib/px4_offboard
[1.076s] Installing visualizer script to /home/guiliang-linux/ws_px4_ros2_controlAlgorithm/install/px4_offboard/lib/px4_offboard
[1.077s] writing list of installed files to '/home/guiliang-linux/ws_px4_ros2_controlAlgorithm/build/px4_offboard/install.log'
[1.100s] Invoked command in '/home/guiliang-linux/ws_px4_ros2_controlAlgorithm/src/px4_offboard_velocity/px4_offboard' returned '0': AMENT_PREFIX_PATH=/home/guiliang-linux/ws_px4_ros2_controlAlgorithm/install/px4_msgs:${AMENT_PREFIX_PATH} CMAKE_PREFIX_PATH=/home/guiliang-linux/ws_px4_ros2_controlAlgorithm/install/px4_msgs LD_LIBRARY_PATH=/home/guiliang-linux/ws_px4_ros2_controlAlgorithm/install/px4_msgs/lib:${LD_LIBRARY_PATH} PYTHONPATH=/home/guiliang-linux/ws_px4_ros2_controlAlgorithm/build/px4_offboard/prefix_override:/usr/lib/python3/dist-packages/colcon_core/task/python/colcon_distutils_commands:/home/guiliang-linux/ws_px4_ros2_controlAlgorithm/install/px4_offboard/lib/python3.10/site-packages:/home/guiliang-linux/ws_px4_ros2_controlAlgorithm/install/px4_msgs/local/lib/python3.10/dist-packages:${PYTHONPATH} /usr/bin/python3 -W ignore:setup.py install is deprecated setup.py egg_info --egg-base ../../../build/px4_offboard build --build-base /home/guiliang-linux/ws_px4_ros2_controlAlgorithm/build/px4_offboard/build install --record /home/guiliang-linux/ws_px4_ros2_controlAlgorithm/build/px4_offboard/install.log --single-version-externally-managed install_data
