[0.076s] DEBUG:colcon:Command line arguments: ['/usr/bin/colcon', 'build', '--packages-select', 'px4_offboard_mpc']
[0.076s] DEBUG:colcon:Parsed command line arguments: Namespace(log_base=None, log_level=None, verb_name='build', build_base='build', install_base='install', merge_install=False, symlink_install=False, test_result_base=None, continue_on_error=False, executor='parallel', parallel_workers=24, event_handlers=None, ignore_user_meta=False, metas=['./colcon.meta'], base_paths=['.'], packages_ignore=None, packages_ignore_regex=None, paths=None, packages_up_to=None, packages_up_to_regex=None, packages_above=None, packages_above_and_dependencies=None, packages_above_depth=None, packages_select_by_dep=None, packages_skip_by_dep=None, packages_skip_up_to=None, packages_select_build_failed=False, packages_skip_build_finished=False, packages_select_test_failures=False, packages_skip_test_passed=False, packages_select=['px4_offboard_mpc'], packages_skip=None, packages_select_regex=None, packages_skip_regex=None, packages_start=None, packages_end=None, allow_overriding=[], cmake_args=None, cmake_target=None, cmake_target_skip_unavailable=False, cmake_clean_cache=False, cmake_clean_first=False, cmake_force_configure=False, ament_cmake_args=None, catkin_cmake_args=None, catkin_skip_building_tests=False, mixin_files=None, mixin=None, verb_parser=<colcon_mixin.mixin.mixin_argument.MixinArgumentDecorator object at 0x72721bdb1390>, verb_extension=<colcon_core.verb.build.BuildVerb object at 0x72721bebd9f0>, main=<bound method BuildVerb.main of <colcon_core.verb.build.BuildVerb object at 0x72721bebd9f0>>, mixin_verb=('build',))
[0.108s] Level 1:colcon.colcon_core.package_discovery:discover_packages(colcon_meta) check parameters
[0.108s] Level 1:colcon.colcon_core.package_discovery:discover_packages(recursive) check parameters
[0.108s] Level 1:colcon.colcon_core.package_discovery:discover_packages(ignore) check parameters
[0.108s] Level 1:colcon.colcon_core.package_discovery:discover_packages(path) check parameters
[0.108s] Level 1:colcon.colcon_core.package_discovery:discover_packages(colcon_meta) discover
[0.108s] Level 1:colcon.colcon_core.package_discovery:discover_packages(recursive) discover
[0.108s] INFO:colcon.colcon_core.package_discovery:Crawling recursively for packages in '/home/mist/Documents/projects/DroneProject/ws_px4_ros2_controlAlgorithm'
[0.108s] Level 1:colcon.colcon_core.package_identification:_identify(.) by extensions ['ignore', 'ignore_ament_install']
[0.108s] Level 1:colcon.colcon_core.package_identification:_identify(.) by extension 'ignore'
[0.108s] Level 1:colcon.colcon_core.package_identification:_identify(.) by extension 'ignore_ament_install'
[0.108s] Level 1:colcon.colcon_core.package_identification:_identify(.) by extensions ['colcon_pkg']
[0.108s] Level 1:colcon.colcon_core.package_identification:_identify(.) by extension 'colcon_pkg'
[0.108s] Level 1:colcon.colcon_core.package_identification:_identify(.) by extensions ['colcon_meta']
[0.108s] Level 1:colcon.colcon_core.package_identification:_identify(.) by extension 'colcon_meta'
[0.108s] Level 1:colcon.colcon_core.package_identification:_identify(.) by extensions ['ros']
[0.108s] Level 1:colcon.colcon_core.package_identification:_identify(.) by extension 'ros'
[0.116s] Level 1:colcon.colcon_core.package_identification:_identify(.) by extensions ['cmake', 'python']
[0.116s] Level 1:colcon.colcon_core.package_identification:_identify(.) by extension 'cmake'
[0.116s] Level 1:colcon.colcon_core.package_identification:_identify(.) by extension 'python'
[0.116s] Level 1:colcon.colcon_core.package_identification:_identify(.) by extensions ['python_setup_py']
[0.116s] Level 1:colcon.colcon_core.package_identification:_identify(.) by extension 'python_setup_py'
[0.116s] Level 1:colcon.colcon_core.package_identification:_identify(build) by extensions ['ignore', 'ignore_ament_install']
[0.116s] Level 1:colcon.colcon_core.package_identification:_identify(build) by extension 'ignore'
[0.116s] Level 1:colcon.colcon_core.package_identification:_identify(build) ignored
[0.116s] Level 1:colcon.colcon_core.package_identification:_identify(install) by extensions ['ignore', 'ignore_ament_install']
[0.116s] Level 1:colcon.colcon_core.package_identification:_identify(install) by extension 'ignore'
[0.116s] Level 1:colcon.colcon_core.package_identification:_identify(install) ignored
[0.116s] Level 1:colcon.colcon_core.package_identification:_identify(log) by extensions ['ignore', 'ignore_ament_install']
[0.116s] Level 1:colcon.colcon_core.package_identification:_identify(log) by extension 'ignore'
[0.116s] Level 1:colcon.colcon_core.package_identification:_identify(log) ignored
[0.116s] Level 1:colcon.colcon_core.package_identification:_identify(src) by extensions ['ignore', 'ignore_ament_install']
[0.116s] Level 1:colcon.colcon_core.package_identification:_identify(src) by extension 'ignore'
[0.116s] Level 1:colcon.colcon_core.package_identification:_identify(src) by extension 'ignore_ament_install'
[0.116s] Level 1:colcon.colcon_core.package_identification:_identify(src) by extensions ['colcon_pkg']
[0.116s] Level 1:colcon.colcon_core.package_identification:_identify(src) by extension 'colcon_pkg'
[0.116s] Level 1:colcon.colcon_core.package_identification:_identify(src) by extensions ['colcon_meta']
[0.116s] Level 1:colcon.colcon_core.package_identification:_identify(src) by extension 'colcon_meta'
[0.116s] Level 1:colcon.colcon_core.package_identification:_identify(src) by extensions ['ros']
[0.116s] Level 1:colcon.colcon_core.package_identification:_identify(src) by extension 'ros'
[0.116s] Level 1:colcon.colcon_core.package_identification:_identify(src) by extensions ['cmake', 'python']
[0.116s] Level 1:colcon.colcon_core.package_identification:_identify(src) by extension 'cmake'
[0.116s] Level 1:colcon.colcon_core.package_identification:_identify(src) by extension 'python'
[0.116s] Level 1:colcon.colcon_core.package_identification:_identify(src) by extensions ['python_setup_py']
[0.116s] Level 1:colcon.colcon_core.package_identification:_identify(src) by extension 'python_setup_py'
[0.116s] Level 1:colcon.colcon_core.package_identification:_identify(src/Offboard_lowlevel_cpp) by extensions ['ignore', 'ignore_ament_install']
[0.116s] Level 1:colcon.colcon_core.package_identification:_identify(src/Offboard_lowlevel_cpp) by extension 'ignore'
[0.116s] Level 1:colcon.colcon_core.package_identification:_identify(src/Offboard_lowlevel_cpp) by extension 'ignore_ament_install'
[0.116s] Level 1:colcon.colcon_core.package_identification:_identify(src/Offboard_lowlevel_cpp) by extensions ['colcon_pkg']
[0.116s] Level 1:colcon.colcon_core.package_identification:_identify(src/Offboard_lowlevel_cpp) by extension 'colcon_pkg'
[0.116s] Level 1:colcon.colcon_core.package_identification:_identify(src/Offboard_lowlevel_cpp) by extensions ['colcon_meta']
[0.116s] Level 1:colcon.colcon_core.package_identification:_identify(src/Offboard_lowlevel_cpp) by extension 'colcon_meta'
[0.116s] Level 1:colcon.colcon_core.package_identification:_identify(src/Offboard_lowlevel_cpp) by extensions ['ros']
[0.116s] Level 1:colcon.colcon_core.package_identification:_identify(src/Offboard_lowlevel_cpp) by extension 'ros'
[0.116s] Level 1:colcon.colcon_core.package_identification:_identify(src/Offboard_lowlevel_cpp) by extensions ['cmake', 'python']
[0.117s] Level 1:colcon.colcon_core.package_identification:_identify(src/Offboard_lowlevel_cpp) by extension 'cmake'
[0.117s] Level 1:colcon.colcon_core.package_identification:_identify(src/Offboard_lowlevel_cpp) by extension 'python'
[0.117s] Level 1:colcon.colcon_core.package_identification:_identify(src/Offboard_lowlevel_cpp) by extensions ['python_setup_py']
[0.117s] Level 1:colcon.colcon_core.package_identification:_identify(src/Offboard_lowlevel_cpp) by extension 'python_setup_py'
[0.117s] Level 1:colcon.colcon_core.package_identification:_identify(src/Offboard_lowlevel_cpp/include) by extensions ['ignore', 'ignore_ament_install']
[0.117s] Level 1:colcon.colcon_core.package_identification:_identify(src/Offboard_lowlevel_cpp/include) by extension 'ignore'
[0.117s] Level 1:colcon.colcon_core.package_identification:_identify(src/Offboard_lowlevel_cpp/include) by extension 'ignore_ament_install'
[0.117s] Level 1:colcon.colcon_core.package_identification:_identify(src/Offboard_lowlevel_cpp/include) by extensions ['colcon_pkg']
[0.117s] Level 1:colcon.colcon_core.package_identification:_identify(src/Offboard_lowlevel_cpp/include) by extension 'colcon_pkg'
[0.117s] Level 1:colcon.colcon_core.package_identification:_identify(src/Offboard_lowlevel_cpp/include) by extensions ['colcon_meta']
[0.117s] Level 1:colcon.colcon_core.package_identification:_identify(src/Offboard_lowlevel_cpp/include) by extension 'colcon_meta'
[0.117s] Level 1:colcon.colcon_core.package_identification:_identify(src/Offboard_lowlevel_cpp/include) by extensions ['ros']
[0.117s] Level 1:colcon.colcon_core.package_identification:_identify(src/Offboard_lowlevel_cpp/include) by extension 'ros'
[0.117s] Level 1:colcon.colcon_core.package_identification:_identify(src/Offboard_lowlevel_cpp/include) by extensions ['cmake', 'python']
[0.117s] Level 1:colcon.colcon_core.package_identification:_identify(src/Offboard_lowlevel_cpp/include) by extension 'cmake'
[0.117s] Level 1:colcon.colcon_core.package_identification:_identify(src/Offboard_lowlevel_cpp/include) by extension 'python'
[0.117s] Level 1:colcon.colcon_core.package_identification:_identify(src/Offboard_lowlevel_cpp/include) by extensions ['python_setup_py']
[0.117s] Level 1:colcon.colcon_core.package_identification:_identify(src/Offboard_lowlevel_cpp/include) by extension 'python_setup_py'
[0.117s] Level 1:colcon.colcon_core.package_identification:_identify(src/Offboard_lowlevel_cpp/include/px4_offboard_lowlevel) by extensions ['ignore', 'ignore_ament_install']
[0.117s] Level 1:colcon.colcon_core.package_identification:_identify(src/Offboard_lowlevel_cpp/include/px4_offboard_lowlevel) by extension 'ignore'
[0.117s] Level 1:colcon.colcon_core.package_identification:_identify(src/Offboard_lowlevel_cpp/include/px4_offboard_lowlevel) by extension 'ignore_ament_install'
[0.117s] Level 1:colcon.colcon_core.package_identification:_identify(src/Offboard_lowlevel_cpp/include/px4_offboard_lowlevel) by extensions ['colcon_pkg']
[0.117s] Level 1:colcon.colcon_core.package_identification:_identify(src/Offboard_lowlevel_cpp/include/px4_offboard_lowlevel) by extension 'colcon_pkg'
[0.117s] Level 1:colcon.colcon_core.package_identification:_identify(src/Offboard_lowlevel_cpp/include/px4_offboard_lowlevel) by extensions ['colcon_meta']
[0.117s] Level 1:colcon.colcon_core.package_identification:_identify(src/Offboard_lowlevel_cpp/include/px4_offboard_lowlevel) by extension 'colcon_meta'
[0.117s] Level 1:colcon.colcon_core.package_identification:_identify(src/Offboard_lowlevel_cpp/include/px4_offboard_lowlevel) by extensions ['ros']
[0.117s] Level 1:colcon.colcon_core.package_identification:_identify(src/Offboard_lowlevel_cpp/include/px4_offboard_lowlevel) by extension 'ros'
[0.117s] Level 1:colcon.colcon_core.package_identification:_identify(src/Offboard_lowlevel_cpp/include/px4_offboard_lowlevel) by extensions ['cmake', 'python']
[0.117s] Level 1:colcon.colcon_core.package_identification:_identify(src/Offboard_lowlevel_cpp/include/px4_offboard_lowlevel) by extension 'cmake'
[0.117s] Level 1:colcon.colcon_core.package_identification:_identify(src/Offboard_lowlevel_cpp/include/px4_offboard_lowlevel) by extension 'python'
[0.117s] Level 1:colcon.colcon_core.package_identification:_identify(src/Offboard_lowlevel_cpp/include/px4_offboard_lowlevel) by extensions ['python_setup_py']
[0.117s] Level 1:colcon.colcon_core.package_identification:_identify(src/Offboard_lowlevel_cpp/include/px4_offboard_lowlevel) by extension 'python_setup_py'
[0.117s] Level 1:colcon.colcon_core.package_identification:_identify(src/Offboard_lowlevel_cpp/instructions) by extensions ['ignore', 'ignore_ament_install']
[0.117s] Level 1:colcon.colcon_core.package_identification:_identify(src/Offboard_lowlevel_cpp/instructions) by extension 'ignore'
[0.117s] Level 1:colcon.colcon_core.package_identification:_identify(src/Offboard_lowlevel_cpp/instructions) by extension 'ignore_ament_install'
[0.117s] Level 1:colcon.colcon_core.package_identification:_identify(src/Offboard_lowlevel_cpp/instructions) by extensions ['colcon_pkg']
[0.117s] Level 1:colcon.colcon_core.package_identification:_identify(src/Offboard_lowlevel_cpp/instructions) by extension 'colcon_pkg'
[0.117s] Level 1:colcon.colcon_core.package_identification:_identify(src/Offboard_lowlevel_cpp/instructions) by extensions ['colcon_meta']
[0.117s] Level 1:colcon.colcon_core.package_identification:_identify(src/Offboard_lowlevel_cpp/instructions) by extension 'colcon_meta'
[0.117s] Level 1:colcon.colcon_core.package_identification:_identify(src/Offboard_lowlevel_cpp/instructions) by extensions ['ros']
[0.117s] Level 1:colcon.colcon_core.package_identification:_identify(src/Offboard_lowlevel_cpp/instructions) by extension 'ros'
[0.117s] Level 1:colcon.colcon_core.package_identification:_identify(src/Offboard_lowlevel_cpp/instructions) by extensions ['cmake', 'python']
[0.117s] Level 1:colcon.colcon_core.package_identification:_identify(src/Offboard_lowlevel_cpp/instructions) by extension 'cmake'
[0.117s] Level 1:colcon.colcon_core.package_identification:_identify(src/Offboard_lowlevel_cpp/instructions) by extension 'python'
[0.117s] Level 1:colcon.colcon_core.package_identification:_identify(src/Offboard_lowlevel_cpp/instructions) by extensions ['python_setup_py']
[0.117s] Level 1:colcon.colcon_core.package_identification:_identify(src/Offboard_lowlevel_cpp/instructions) by extension 'python_setup_py'
[0.117s] Level 1:colcon.colcon_core.package_identification:_identify(src/Offboard_lowlevel_cpp/instructions/media) by extensions ['ignore', 'ignore_ament_install']
[0.117s] Level 1:colcon.colcon_core.package_identification:_identify(src/Offboard_lowlevel_cpp/instructions/media) by extension 'ignore'
[0.117s] Level 1:colcon.colcon_core.package_identification:_identify(src/Offboard_lowlevel_cpp/instructions/media) by extension 'ignore_ament_install'
[0.117s] Level 1:colcon.colcon_core.package_identification:_identify(src/Offboard_lowlevel_cpp/instructions/media) by extensions ['colcon_pkg']
[0.117s] Level 1:colcon.colcon_core.package_identification:_identify(src/Offboard_lowlevel_cpp/instructions/media) by extension 'colcon_pkg'
[0.117s] Level 1:colcon.colcon_core.package_identification:_identify(src/Offboard_lowlevel_cpp/instructions/media) by extensions ['colcon_meta']
[0.118s] Level 1:colcon.colcon_core.package_identification:_identify(src/Offboard_lowlevel_cpp/instructions/media) by extension 'colcon_meta'
[0.118s] Level 1:colcon.colcon_core.package_identification:_identify(src/Offboard_lowlevel_cpp/instructions/media) by extensions ['ros']
[0.118s] Level 1:colcon.colcon_core.package_identification:_identify(src/Offboard_lowlevel_cpp/instructions/media) by extension 'ros'
[0.118s] Level 1:colcon.colcon_core.package_identification:_identify(src/Offboard_lowlevel_cpp/instructions/media) by extensions ['cmake', 'python']
[0.118s] Level 1:colcon.colcon_core.package_identification:_identify(src/Offboard_lowlevel_cpp/instructions/media) by extension 'cmake'
[0.118s] Level 1:colcon.colcon_core.package_identification:_identify(src/Offboard_lowlevel_cpp/instructions/media) by extension 'python'
[0.118s] Level 1:colcon.colcon_core.package_identification:_identify(src/Offboard_lowlevel_cpp/instructions/media) by extensions ['python_setup_py']
[0.118s] Level 1:colcon.colcon_core.package_identification:_identify(src/Offboard_lowlevel_cpp/instructions/media) by extension 'python_setup_py'
[0.118s] Level 1:colcon.colcon_core.package_identification:_identify(src/Offboard_lowlevel_cpp/launch) by extensions ['ignore', 'ignore_ament_install']
[0.118s] Level 1:colcon.colcon_core.package_identification:_identify(src/Offboard_lowlevel_cpp/launch) by extension 'ignore'
[0.118s] Level 1:colcon.colcon_core.package_identification:_identify(src/Offboard_lowlevel_cpp/launch) by extension 'ignore_ament_install'
[0.118s] Level 1:colcon.colcon_core.package_identification:_identify(src/Offboard_lowlevel_cpp/launch) by extensions ['colcon_pkg']
[0.118s] Level 1:colcon.colcon_core.package_identification:_identify(src/Offboard_lowlevel_cpp/launch) by extension 'colcon_pkg'
[0.118s] Level 1:colcon.colcon_core.package_identification:_identify(src/Offboard_lowlevel_cpp/launch) by extensions ['colcon_meta']
[0.118s] Level 1:colcon.colcon_core.package_identification:_identify(src/Offboard_lowlevel_cpp/launch) by extension 'colcon_meta'
[0.118s] Level 1:colcon.colcon_core.package_identification:_identify(src/Offboard_lowlevel_cpp/launch) by extensions ['ros']
[0.118s] Level 1:colcon.colcon_core.package_identification:_identify(src/Offboard_lowlevel_cpp/launch) by extension 'ros'
[0.118s] Level 1:colcon.colcon_core.package_identification:_identify(src/Offboard_lowlevel_cpp/launch) by extensions ['cmake', 'python']
[0.118s] Level 1:colcon.colcon_core.package_identification:_identify(src/Offboard_lowlevel_cpp/launch) by extension 'cmake'
[0.118s] Level 1:colcon.colcon_core.package_identification:_identify(src/Offboard_lowlevel_cpp/launch) by extension 'python'
[0.118s] Level 1:colcon.colcon_core.package_identification:_identify(src/Offboard_lowlevel_cpp/launch) by extensions ['python_setup_py']
[0.118s] Level 1:colcon.colcon_core.package_identification:_identify(src/Offboard_lowlevel_cpp/launch) by extension 'python_setup_py'
[0.118s] Level 1:colcon.colcon_core.package_identification:_identify(src/Offboard_lowlevel_cpp/px4_offboard_lowlevel) by extensions ['ignore', 'ignore_ament_install']
[0.118s] Level 1:colcon.colcon_core.package_identification:_identify(src/Offboard_lowlevel_cpp/px4_offboard_lowlevel) by extension 'ignore'
[0.118s] Level 1:colcon.colcon_core.package_identification:_identify(src/Offboard_lowlevel_cpp/px4_offboard_lowlevel) by extension 'ignore_ament_install'
[0.118s] Level 1:colcon.colcon_core.package_identification:_identify(src/Offboard_lowlevel_cpp/px4_offboard_lowlevel) by extensions ['colcon_pkg']
[0.118s] Level 1:colcon.colcon_core.package_identification:_identify(src/Offboard_lowlevel_cpp/px4_offboard_lowlevel) by extension 'colcon_pkg'
[0.118s] Level 1:colcon.colcon_core.package_identification:_identify(src/Offboard_lowlevel_cpp/px4_offboard_lowlevel) by extensions ['colcon_meta']
[0.118s] Level 1:colcon.colcon_core.package_identification:_identify(src/Offboard_lowlevel_cpp/px4_offboard_lowlevel) by extension 'colcon_meta'
[0.118s] Level 1:colcon.colcon_core.package_identification:_identify(src/Offboard_lowlevel_cpp/px4_offboard_lowlevel) by extensions ['ros']
[0.118s] Level 1:colcon.colcon_core.package_identification:_identify(src/Offboard_lowlevel_cpp/px4_offboard_lowlevel) by extension 'ros'
[0.118s] Level 1:colcon.colcon_core.package_identification:_identify(src/Offboard_lowlevel_cpp/px4_offboard_lowlevel) by extensions ['cmake', 'python']
[0.118s] Level 1:colcon.colcon_core.package_identification:_identify(src/Offboard_lowlevel_cpp/px4_offboard_lowlevel) by extension 'cmake'
[0.118s] Level 1:colcon.colcon_core.package_identification:_identify(src/Offboard_lowlevel_cpp/px4_offboard_lowlevel) by extension 'python'
[0.118s] Level 1:colcon.colcon_core.package_identification:_identify(src/Offboard_lowlevel_cpp/px4_offboard_lowlevel) by extensions ['python_setup_py']
[0.118s] Level 1:colcon.colcon_core.package_identification:_identify(src/Offboard_lowlevel_cpp/px4_offboard_lowlevel) by extension 'python_setup_py'
[0.118s] Level 1:colcon.colcon_core.package_identification:_identify(src/Offboard_lowlevel_cpp/scripts) by extensions ['ignore', 'ignore_ament_install']
[0.118s] Level 1:colcon.colcon_core.package_identification:_identify(src/Offboard_lowlevel_cpp/scripts) by extension 'ignore'
[0.118s] Level 1:colcon.colcon_core.package_identification:_identify(src/Offboard_lowlevel_cpp/scripts) by extension 'ignore_ament_install'
[0.118s] Level 1:colcon.colcon_core.package_identification:_identify(src/Offboard_lowlevel_cpp/scripts) by extensions ['colcon_pkg']
[0.118s] Level 1:colcon.colcon_core.package_identification:_identify(src/Offboard_lowlevel_cpp/scripts) by extension 'colcon_pkg'
[0.118s] Level 1:colcon.colcon_core.package_identification:_identify(src/Offboard_lowlevel_cpp/scripts) by extensions ['colcon_meta']
[0.118s] Level 1:colcon.colcon_core.package_identification:_identify(src/Offboard_lowlevel_cpp/scripts) by extension 'colcon_meta'
[0.118s] Level 1:colcon.colcon_core.package_identification:_identify(src/Offboard_lowlevel_cpp/scripts) by extensions ['ros']
[0.118s] Level 1:colcon.colcon_core.package_identification:_identify(src/Offboard_lowlevel_cpp/scripts) by extension 'ros'
[0.118s] Level 1:colcon.colcon_core.package_identification:_identify(src/Offboard_lowlevel_cpp/scripts) by extensions ['cmake', 'python']
[0.118s] Level 1:colcon.colcon_core.package_identification:_identify(src/Offboard_lowlevel_cpp/scripts) by extension 'cmake'
[0.118s] Level 1:colcon.colcon_core.package_identification:_identify(src/Offboard_lowlevel_cpp/scripts) by extension 'python'
[0.118s] Level 1:colcon.colcon_core.package_identification:_identify(src/Offboard_lowlevel_cpp/scripts) by extensions ['python_setup_py']
[0.118s] Level 1:colcon.colcon_core.package_identification:_identify(src/Offboard_lowlevel_cpp/scripts) by extension 'python_setup_py'
[0.118s] Level 1:colcon.colcon_core.package_identification:_identify(src/px4_msgs) by extensions ['ignore', 'ignore_ament_install']
[0.119s] Level 1:colcon.colcon_core.package_identification:_identify(src/px4_msgs) by extension 'ignore'
[0.119s] Level 1:colcon.colcon_core.package_identification:_identify(src/px4_msgs) by extension 'ignore_ament_install'
[0.119s] Level 1:colcon.colcon_core.package_identification:_identify(src/px4_msgs) by extensions ['colcon_pkg']
[0.119s] Level 1:colcon.colcon_core.package_identification:_identify(src/px4_msgs) by extension 'colcon_pkg'
[0.119s] Level 1:colcon.colcon_core.package_identification:_identify(src/px4_msgs) by extensions ['colcon_meta']
[0.119s] Level 1:colcon.colcon_core.package_identification:_identify(src/px4_msgs) by extension 'colcon_meta'
[0.119s] Level 1:colcon.colcon_core.package_identification:_identify(src/px4_msgs) by extensions ['ros']
[0.119s] Level 1:colcon.colcon_core.package_identification:_identify(src/px4_msgs) by extension 'ros'
[0.120s] DEBUG:colcon.colcon_core.package_identification:Package 'src/px4_msgs' with type 'ros.ament_cmake' and name 'px4_msgs'
[0.120s] Level 1:colcon.colcon_core.package_identification:_identify(src/px4_offboard_mpc) by extensions ['ignore', 'ignore_ament_install']
[0.120s] Level 1:colcon.colcon_core.package_identification:_identify(src/px4_offboard_mpc) by extension 'ignore'
[0.120s] Level 1:colcon.colcon_core.package_identification:_identify(src/px4_offboard_mpc) by extension 'ignore_ament_install'
[0.120s] Level 1:colcon.colcon_core.package_identification:_identify(src/px4_offboard_mpc) by extensions ['colcon_pkg']
[0.120s] Level 1:colcon.colcon_core.package_identification:_identify(src/px4_offboard_mpc) by extension 'colcon_pkg'
[0.120s] Level 1:colcon.colcon_core.package_identification:_identify(src/px4_offboard_mpc) by extensions ['colcon_meta']
[0.120s] Level 1:colcon.colcon_core.package_identification:_identify(src/px4_offboard_mpc) by extension 'colcon_meta'
[0.120s] Level 1:colcon.colcon_core.package_identification:_identify(src/px4_offboard_mpc) by extensions ['ros']
[0.120s] Level 1:colcon.colcon_core.package_identification:_identify(src/px4_offboard_mpc) by extension 'ros'
[0.121s] DEBUG:colcon.colcon_core.package_identification:Package 'src/px4_offboard_mpc' with type 'ros.ament_python' and name 'px4_offboard_mpc'
[0.121s] Level 1:colcon.colcon_core.package_identification:_identify(src/px4_offboard_position) by extensions ['ignore', 'ignore_ament_install']
[0.121s] Level 1:colcon.colcon_core.package_identification:_identify(src/px4_offboard_position) by extension 'ignore'
[0.121s] Level 1:colcon.colcon_core.package_identification:_identify(src/px4_offboard_position) by extension 'ignore_ament_install'
[0.121s] Level 1:colcon.colcon_core.package_identification:_identify(src/px4_offboard_position) by extensions ['colcon_pkg']
[0.121s] Level 1:colcon.colcon_core.package_identification:_identify(src/px4_offboard_position) by extension 'colcon_pkg'
[0.121s] Level 1:colcon.colcon_core.package_identification:_identify(src/px4_offboard_position) by extensions ['colcon_meta']
[0.121s] Level 1:colcon.colcon_core.package_identification:_identify(src/px4_offboard_position) by extension 'colcon_meta'
[0.121s] Level 1:colcon.colcon_core.package_identification:_identify(src/px4_offboard_position) by extensions ['ros']
[0.121s] Level 1:colcon.colcon_core.package_identification:_identify(src/px4_offboard_position) by extension 'ros'
[0.121s] DEBUG:colcon.colcon_core.package_identification:Package 'src/px4_offboard_position' with type 'ros.ament_python' and name 'px4_offboard_position'
[0.121s] Level 1:colcon.colcon_core.package_identification:_identify(src/px4_offboard_velocity) by extensions ['ignore', 'ignore_ament_install']
[0.122s] Level 1:colcon.colcon_core.package_identification:_identify(src/px4_offboard_velocity) by extension 'ignore'
[0.122s] Level 1:colcon.colcon_core.package_identification:_identify(src/px4_offboard_velocity) by extension 'ignore_ament_install'
[0.122s] Level 1:colcon.colcon_core.package_identification:_identify(src/px4_offboard_velocity) by extensions ['colcon_pkg']
[0.122s] Level 1:colcon.colcon_core.package_identification:_identify(src/px4_offboard_velocity) by extension 'colcon_pkg'
[0.122s] Level 1:colcon.colcon_core.package_identification:_identify(src/px4_offboard_velocity) by extensions ['colcon_meta']
[0.122s] Level 1:colcon.colcon_core.package_identification:_identify(src/px4_offboard_velocity) by extension 'colcon_meta'
[0.122s] Level 1:colcon.colcon_core.package_identification:_identify(src/px4_offboard_velocity) by extensions ['ros']
[0.122s] Level 1:colcon.colcon_core.package_identification:_identify(src/px4_offboard_velocity) by extension 'ros'
[0.122s] Level 1:colcon.colcon_core.package_identification:_identify(src/px4_offboard_velocity) by extensions ['cmake', 'python']
[0.122s] Level 1:colcon.colcon_core.package_identification:_identify(src/px4_offboard_velocity) by extension 'cmake'
[0.122s] Level 1:colcon.colcon_core.package_identification:_identify(src/px4_offboard_velocity) by extension 'python'
[0.122s] Level 1:colcon.colcon_core.package_identification:_identify(src/px4_offboard_velocity) by extensions ['python_setup_py']
[0.122s] Level 1:colcon.colcon_core.package_identification:_identify(src/px4_offboard_velocity) by extension 'python_setup_py'
[0.122s] Level 1:colcon.colcon_core.package_identification:_identify(src/px4_offboard_velocity/px4_offboard) by extensions ['ignore', 'ignore_ament_install']
[0.122s] Level 1:colcon.colcon_core.package_identification:_identify(src/px4_offboard_velocity/px4_offboard) by extension 'ignore'
[0.122s] Level 1:colcon.colcon_core.package_identification:_identify(src/px4_offboard_velocity/px4_offboard) by extension 'ignore_ament_install'
[0.122s] Level 1:colcon.colcon_core.package_identification:_identify(src/px4_offboard_velocity/px4_offboard) by extensions ['colcon_pkg']
[0.122s] Level 1:colcon.colcon_core.package_identification:_identify(src/px4_offboard_velocity/px4_offboard) by extension 'colcon_pkg'
[0.122s] Level 1:colcon.colcon_core.package_identification:_identify(src/px4_offboard_velocity/px4_offboard) by extensions ['colcon_meta']
[0.122s] Level 1:colcon.colcon_core.package_identification:_identify(src/px4_offboard_velocity/px4_offboard) by extension 'colcon_meta'
[0.122s] Level 1:colcon.colcon_core.package_identification:_identify(src/px4_offboard_velocity/px4_offboard) by extensions ['ros']
[0.122s] Level 1:colcon.colcon_core.package_identification:_identify(src/px4_offboard_velocity/px4_offboard) by extension 'ros'
[0.122s] DEBUG:colcon.colcon_core.package_identification:Package 'src/px4_offboard_velocity/px4_offboard' with type 'ros.ament_python' and name 'px4_offboard'
[0.122s] Level 1:colcon.colcon_core.package_identification:_identify(src/px4_ros_com) by extensions ['ignore', 'ignore_ament_install']
[0.122s] Level 1:colcon.colcon_core.package_identification:_identify(src/px4_ros_com) by extension 'ignore'
[0.122s] Level 1:colcon.colcon_core.package_identification:_identify(src/px4_ros_com) by extension 'ignore_ament_install'
[0.122s] Level 1:colcon.colcon_core.package_identification:_identify(src/px4_ros_com) by extensions ['colcon_pkg']
[0.122s] Level 1:colcon.colcon_core.package_identification:_identify(src/px4_ros_com) by extension 'colcon_pkg'
[0.122s] Level 1:colcon.colcon_core.package_identification:_identify(src/px4_ros_com) by extensions ['colcon_meta']
[0.123s] Level 1:colcon.colcon_core.package_identification:_identify(src/px4_ros_com) by extension 'colcon_meta'
[0.123s] Level 1:colcon.colcon_core.package_identification:_identify(src/px4_ros_com) by extensions ['ros']
[0.123s] Level 1:colcon.colcon_core.package_identification:_identify(src/px4_ros_com) by extension 'ros'
[0.123s] Level 1:colcon.colcon_core.package_identification:_identify(src/px4_ros_com) by extensions ['cmake', 'python']
[0.123s] Level 1:colcon.colcon_core.package_identification:_identify(src/px4_ros_com) by extension 'cmake'
[0.123s] Level 1:colcon.colcon_core.package_identification:_identify(src/px4_ros_com) by extension 'python'
[0.123s] Level 1:colcon.colcon_core.package_identification:_identify(src/px4_ros_com) by extensions ['python_setup_py']
[0.123s] Level 1:colcon.colcon_core.package_identification:_identify(src/px4_ros_com) by extension 'python_setup_py'
[0.123s] Level 1:colcon.colcon_core.package_discovery:discover_packages(recursive) using defaults
[0.123s] Level 1:colcon.colcon_core.package_discovery:discover_packages(ignore) discover
[0.123s] Level 1:colcon.colcon_core.package_discovery:discover_packages(ignore) using defaults
[0.123s] Level 1:colcon.colcon_core.package_discovery:discover_packages(path) discover
[0.123s] Level 1:colcon.colcon_core.package_discovery:discover_packages(path) using defaults
[0.136s] INFO:colcon.colcon_core.package_selection:Skipping not selected package 'px4_msgs' in 'src/px4_msgs'
[0.136s] INFO:colcon.colcon_core.package_selection:Skipping not selected package 'px4_offboard_position' in 'src/px4_offboard_position'
[0.136s] INFO:colcon.colcon_core.package_selection:Skipping not selected package 'px4_offboard' in 'src/px4_offboard_velocity/px4_offboard'
[0.136s] Level 1:colcon.colcon_core.package_discovery:discover_packages(prefix_path) check parameters
[0.136s] Level 1:colcon.colcon_core.package_discovery:discover_packages(prefix_path) discover
[0.138s] DEBUG:colcon.colcon_installed_package_information.package_discovery:Found 12 installed packages in /home/mist/ros_ws/install
[0.138s] DEBUG:colcon.colcon_installed_package_information.package_discovery:Found 328 installed packages in /opt/ros/humble
[0.139s] Level 1:colcon.colcon_core.package_discovery:discover_packages(prefix_path) using defaults
[0.164s] Level 5:colcon.colcon_core.verb:set package 'px4_offboard_mpc' build argument 'cmake_args' from command line to 'None'
[0.165s] Level 5:colcon.colcon_core.verb:set package 'px4_offboard_mpc' build argument 'cmake_target' from command line to 'None'
[0.165s] Level 5:colcon.colcon_core.verb:set package 'px4_offboard_mpc' build argument 'cmake_target_skip_unavailable' from command line to 'False'
[0.165s] Level 5:colcon.colcon_core.verb:set package 'px4_offboard_mpc' build argument 'cmake_clean_cache' from command line to 'False'
[0.165s] Level 5:colcon.colcon_core.verb:set package 'px4_offboard_mpc' build argument 'cmake_clean_first' from command line to 'False'
[0.165s] Level 5:colcon.colcon_core.verb:set package 'px4_offboard_mpc' build argument 'cmake_force_configure' from command line to 'False'
[0.165s] Level 5:colcon.colcon_core.verb:set package 'px4_offboard_mpc' build argument 'ament_cmake_args' from command line to 'None'
[0.165s] Level 5:colcon.colcon_core.verb:set package 'px4_offboard_mpc' build argument 'catkin_cmake_args' from command line to 'None'
[0.165s] Level 5:colcon.colcon_core.verb:set package 'px4_offboard_mpc' build argument 'catkin_skip_building_tests' from command line to 'False'
[0.165s] DEBUG:colcon.colcon_core.verb:Building package 'px4_offboard_mpc' with the following arguments: {'ament_cmake_args': None, 'build_base': '/home/mist/Documents/projects/DroneProject/ws_px4_ros2_controlAlgorithm/build/px4_offboard_mpc', 'catkin_cmake_args': None, 'catkin_skip_building_tests': False, 'cmake_args': None, 'cmake_clean_cache': False, 'cmake_clean_first': False, 'cmake_force_configure': False, 'cmake_target': None, 'cmake_target_skip_unavailable': False, 'install_base': '/home/mist/Documents/projects/DroneProject/ws_px4_ros2_controlAlgorithm/install/px4_offboard_mpc', 'merge_install': False, 'path': '/home/mist/Documents/projects/DroneProject/ws_px4_ros2_controlAlgorithm/src/px4_offboard_mpc', 'symlink_install': False, 'test_result_base': None}
[0.165s] INFO:colcon.colcon_core.executor:Executing jobs using 'parallel' executor
[0.165s] DEBUG:colcon.colcon_parallel_executor.executor.parallel:run_until_complete
[0.165s] INFO:colcon.colcon_ros.task.ament_python.build:Building ROS package in '/home/mist/Documents/projects/DroneProject/ws_px4_ros2_controlAlgorithm/src/px4_offboard_mpc' with build type 'ament_python'
[0.165s] Level 1:colcon.colcon_core.shell:create_environment_hook('px4_offboard_mpc', 'ament_prefix_path')
[0.167s] INFO:colcon.colcon_core.plugin_system:Skipping extension 'colcon_core.shell.bat': Not used on non-Windows systems
[0.168s] INFO:colcon.colcon_core.shell:Creating environment hook '/home/mist/Documents/projects/DroneProject/ws_px4_ros2_controlAlgorithm/install/px4_offboard_mpc/share/px4_offboard_mpc/hook/ament_prefix_path.ps1'
[0.168s] INFO:colcon.colcon_core.shell:Creating environment descriptor '/home/mist/Documents/projects/DroneProject/ws_px4_ros2_controlAlgorithm/install/px4_offboard_mpc/share/px4_offboard_mpc/hook/ament_prefix_path.dsv'
[0.168s] INFO:colcon.colcon_core.shell:Creating environment hook '/home/mist/Documents/projects/DroneProject/ws_px4_ros2_controlAlgorithm/install/px4_offboard_mpc/share/px4_offboard_mpc/hook/ament_prefix_path.sh'
[0.169s] INFO:colcon.colcon_core.shell:Skip shell extension 'powershell' for command environment: Not usable outside of PowerShell
[0.169s] DEBUG:colcon.colcon_core.shell:Skip shell extension 'dsv' for command environment
[0.288s] INFO:colcon.colcon_core.task.python.build:Building Python package in '/home/mist/Documents/projects/DroneProject/ws_px4_ros2_controlAlgorithm/src/px4_offboard_mpc'
[0.288s] INFO:colcon.colcon_core.shell:Skip shell extension 'powershell' for command environment: Not usable outside of PowerShell
[0.288s] DEBUG:colcon.colcon_core.shell:Skip shell extension 'dsv' for command environment
[0.750s] DEBUG:colcon.colcon_core.event_handler.log_command:Invoking command in '/home/mist/Documents/projects/DroneProject/ws_px4_ros2_controlAlgorithm/src/px4_offboard_mpc': PYTHONPATH=/home/mist/Documents/projects/DroneProject/ws_px4_ros2_controlAlgorithm/build/px4_offboard_mpc/prefix_override:/usr/lib/python3/dist-packages/colcon_core/task/python/colcon_distutils_commands:/home/mist/Documents/projects/DroneProject/ws_px4_ros2_controlAlgorithm/install/px4_offboard_mpc/lib/python3.10/site-packages:${PYTHONPATH} /usr/bin/python3 -W ignore:setup.py install is deprecated setup.py egg_info --egg-base ../../build/px4_offboard_mpc build --build-base /home/mist/Documents/projects/DroneProject/ws_px4_ros2_controlAlgorithm/build/px4_offboard_mpc/build install --record /home/mist/Documents/projects/DroneProject/ws_px4_ros2_controlAlgorithm/build/px4_offboard_mpc/install.log --single-version-externally-managed install_data
[1.044s] DEBUG:colcon.colcon_core.event_handler.log_command:Invoked command in '/home/mist/Documents/projects/DroneProject/ws_px4_ros2_controlAlgorithm/src/px4_offboard_mpc' returned '0': PYTHONPATH=/home/mist/Documents/projects/DroneProject/ws_px4_ros2_controlAlgorithm/build/px4_offboard_mpc/prefix_override:/usr/lib/python3/dist-packages/colcon_core/task/python/colcon_distutils_commands:/home/mist/Documents/projects/DroneProject/ws_px4_ros2_controlAlgorithm/install/px4_offboard_mpc/lib/python3.10/site-packages:${PYTHONPATH} /usr/bin/python3 -W ignore:setup.py install is deprecated setup.py egg_info --egg-base ../../build/px4_offboard_mpc build --build-base /home/mist/Documents/projects/DroneProject/ws_px4_ros2_controlAlgorithm/build/px4_offboard_mpc/build install --record /home/mist/Documents/projects/DroneProject/ws_px4_ros2_controlAlgorithm/build/px4_offboard_mpc/install.log --single-version-externally-managed install_data
[1.046s] Level 1:colcon.colcon_core.environment:checking '/home/mist/Documents/projects/DroneProject/ws_px4_ros2_controlAlgorithm/install/px4_offboard_mpc' for CMake module files
[1.046s] Level 1:colcon.colcon_core.environment:checking '/home/mist/Documents/projects/DroneProject/ws_px4_ros2_controlAlgorithm/install/px4_offboard_mpc' for CMake config files
[1.047s] Level 1:colcon.colcon_core.environment:checking '/home/mist/Documents/projects/DroneProject/ws_px4_ros2_controlAlgorithm/install/px4_offboard_mpc/lib'
[1.047s] Level 1:colcon.colcon_core.environment:checking '/home/mist/Documents/projects/DroneProject/ws_px4_ros2_controlAlgorithm/install/px4_offboard_mpc/bin'
[1.047s] Level 1:colcon.colcon_core.environment:checking '/home/mist/Documents/projects/DroneProject/ws_px4_ros2_controlAlgorithm/install/px4_offboard_mpc/lib/pkgconfig/px4_offboard_mpc.pc'
[1.047s] Level 1:colcon.colcon_core.environment:checking '/home/mist/Documents/projects/DroneProject/ws_px4_ros2_controlAlgorithm/install/px4_offboard_mpc/lib/python3.10/site-packages'
[1.047s] Level 1:colcon.colcon_core.shell:create_environment_hook('px4_offboard_mpc', 'pythonpath')
[1.047s] INFO:colcon.colcon_core.shell:Creating environment hook '/home/mist/Documents/projects/DroneProject/ws_px4_ros2_controlAlgorithm/install/px4_offboard_mpc/share/px4_offboard_mpc/hook/pythonpath.ps1'
[1.047s] INFO:colcon.colcon_core.shell:Creating environment descriptor '/home/mist/Documents/projects/DroneProject/ws_px4_ros2_controlAlgorithm/install/px4_offboard_mpc/share/px4_offboard_mpc/hook/pythonpath.dsv'
[1.047s] INFO:colcon.colcon_core.shell:Creating environment hook '/home/mist/Documents/projects/DroneProject/ws_px4_ros2_controlAlgorithm/install/px4_offboard_mpc/share/px4_offboard_mpc/hook/pythonpath.sh'
[1.048s] Level 1:colcon.colcon_core.environment:checking '/home/mist/Documents/projects/DroneProject/ws_px4_ros2_controlAlgorithm/install/px4_offboard_mpc/bin'
[1.048s] Level 1:colcon.colcon_core.environment:create_environment_scripts_only(px4_offboard_mpc)
[1.048s] INFO:colcon.colcon_core.shell:Creating package script '/home/mist/Documents/projects/DroneProject/ws_px4_ros2_controlAlgorithm/install/px4_offboard_mpc/share/px4_offboard_mpc/package.ps1'
[1.048s] INFO:colcon.colcon_core.shell:Creating package descriptor '/home/mist/Documents/projects/DroneProject/ws_px4_ros2_controlAlgorithm/install/px4_offboard_mpc/share/px4_offboard_mpc/package.dsv'
[1.049s] INFO:colcon.colcon_core.shell:Creating package script '/home/mist/Documents/projects/DroneProject/ws_px4_ros2_controlAlgorithm/install/px4_offboard_mpc/share/px4_offboard_mpc/package.sh'
[1.049s] INFO:colcon.colcon_core.shell:Creating package script '/home/mist/Documents/projects/DroneProject/ws_px4_ros2_controlAlgorithm/install/px4_offboard_mpc/share/px4_offboard_mpc/package.bash'
[1.050s] INFO:colcon.colcon_core.shell:Creating package script '/home/mist/Documents/projects/DroneProject/ws_px4_ros2_controlAlgorithm/install/px4_offboard_mpc/share/px4_offboard_mpc/package.zsh'
[1.050s] Level 1:colcon.colcon_core.environment:create_file_with_runtime_dependencies(/home/mist/Documents/projects/DroneProject/ws_px4_ros2_controlAlgorithm/install/px4_offboard_mpc/share/colcon-core/packages/px4_offboard_mpc)
[1.050s] DEBUG:colcon.colcon_parallel_executor.executor.parallel:closing loop
[1.051s] DEBUG:colcon.colcon_parallel_executor.executor.parallel:loop closed
[1.051s] DEBUG:colcon.colcon_parallel_executor.executor.parallel:run_until_complete finished with '0'
[1.051s] DEBUG:colcon.colcon_core.event_reactor:joining thread
[1.053s] INFO:colcon.colcon_core.plugin_system:Skipping extension 'colcon_notification.desktop_notification.terminal_notifier': Not used on non-Darwin systems
[1.053s] INFO:colcon.colcon_core.plugin_system:Skipping extension 'colcon_notification.desktop_notification.win32': Not used on non-Windows systems
[1.053s] INFO:colcon.colcon_notification.desktop_notification:Sending desktop notification using 'notify2'
[1.062s] DEBUG:colcon.colcon_core.event_reactor:joined thread
[1.062s] INFO:colcon.colcon_core.shell:Creating prefix script '/home/mist/Documents/projects/DroneProject/ws_px4_ros2_controlAlgorithm/install/local_setup.ps1'
[1.063s] INFO:colcon.colcon_core.shell:Creating prefix util module '/home/mist/Documents/projects/DroneProject/ws_px4_ros2_controlAlgorithm/install/_local_setup_util_ps1.py'
[1.064s] INFO:colcon.colcon_core.shell:Creating prefix chain script '/home/mist/Documents/projects/DroneProject/ws_px4_ros2_controlAlgorithm/install/setup.ps1'
[1.064s] INFO:colcon.colcon_core.shell:Creating prefix script '/home/mist/Documents/projects/DroneProject/ws_px4_ros2_controlAlgorithm/install/local_setup.sh'
[1.064s] INFO:colcon.colcon_core.shell:Creating prefix util module '/home/mist/Documents/projects/DroneProject/ws_px4_ros2_controlAlgorithm/install/_local_setup_util_sh.py'
[1.065s] INFO:colcon.colcon_core.shell:Creating prefix chain script '/home/mist/Documents/projects/DroneProject/ws_px4_ros2_controlAlgorithm/install/setup.sh'
[1.065s] INFO:colcon.colcon_core.shell:Creating prefix script '/home/mist/Documents/projects/DroneProject/ws_px4_ros2_controlAlgorithm/install/local_setup.bash'
[1.066s] INFO:colcon.colcon_core.shell:Creating prefix chain script '/home/mist/Documents/projects/DroneProject/ws_px4_ros2_controlAlgorithm/install/setup.bash'
[1.066s] INFO:colcon.colcon_core.shell:Creating prefix script '/home/mist/Documents/projects/DroneProject/ws_px4_ros2_controlAlgorithm/install/local_setup.zsh'
[1.066s] INFO:colcon.colcon_core.shell:Creating prefix chain script '/home/mist/Documents/projects/DroneProject/ws_px4_ros2_controlAlgorithm/install/setup.zsh'
