[0.335s] DEBUG:colcon:Command line arguments: ['/usr/bin/colcon', 'build', '--packages-select', 'px4_offboard']
[0.335s] DEBUG:colcon:Parsed command line arguments: Namespace(log_base=None, log_level=None, verb_name='build', build_base='build', install_base='install', merge_install=False, symlink_install=False, test_result_base=None, continue_on_error=False, executor='parallel', parallel_workers=4, event_handlers=None, ignore_user_meta=False, metas=['./colcon.meta'], base_paths=['.'], packages_ignore=None, packages_ignore_regex=None, paths=None, packages_up_to=None, packages_up_to_regex=None, packages_above=None, packages_above_and_dependencies=None, packages_above_depth=None, packages_select_by_dep=None, packages_skip_by_dep=None, packages_skip_up_to=None, packages_select_build_failed=False, packages_skip_build_finished=False, packages_select_test_failures=False, packages_skip_test_passed=False, packages_select=['px4_offboard'], packages_skip=None, packages_select_regex=None, packages_skip_regex=None, packages_start=None, packages_end=None, allow_overriding=[], cmake_args=None, cmake_target=None, cmake_target_skip_unavailable=False, cmake_clean_cache=False, cmake_clean_first=False, cmake_force_configure=False, ament_cmake_args=None, catkin_cmake_args=None, catkin_skip_building_tests=False, mixin_files=None, mixin=None, verb_parser=<colcon_mixin.mixin.mixin_argument.MixinArgumentDecorator object at 0xffff83cceaa0>, verb_extension=<colcon_core.verb.build.BuildVerb object at 0xffff83cce4d0>, main=<bound method BuildVerb.main of <colcon_core.verb.build.BuildVerb object at 0xffff83cce4d0>>, mixin_verb=('build',))
[0.417s] Level 1:colcon.colcon_core.package_discovery:discover_packages(colcon_meta) check parameters
[0.417s] Level 1:colcon.colcon_core.package_discovery:discover_packages(recursive) check parameters
[0.418s] Level 1:colcon.colcon_core.package_discovery:discover_packages(ignore) check parameters
[0.418s] Level 1:colcon.colcon_core.package_discovery:discover_packages(path) check parameters
[0.418s] Level 1:colcon.colcon_core.package_discovery:discover_packages(colcon_meta) discover
[0.418s] Level 1:colcon.colcon_core.package_discovery:discover_packages(recursive) discover
[0.418s] INFO:colcon.colcon_core.package_discovery:Crawling recursively for packages in '/home/guiliang-linux/Documents/projects/DroneProject/ws_px4_ros2_controlAlgorithm'
[0.419s] Level 1:colcon.colcon_core.package_identification:_identify(.) by extensions ['ignore', 'ignore_ament_install']
[0.419s] Level 1:colcon.colcon_core.package_identification:_identify(.) by extension 'ignore'
[0.419s] Level 1:colcon.colcon_core.package_identification:_identify(.) by extension 'ignore_ament_install'
[0.419s] Level 1:colcon.colcon_core.package_identification:_identify(.) by extensions ['colcon_pkg']
[0.419s] Level 1:colcon.colcon_core.package_identification:_identify(.) by extension 'colcon_pkg'
[0.419s] Level 1:colcon.colcon_core.package_identification:_identify(.) by extensions ['colcon_meta']
[0.420s] Level 1:colcon.colcon_core.package_identification:_identify(.) by extension 'colcon_meta'
[0.420s] Level 1:colcon.colcon_core.package_identification:_identify(.) by extensions ['ros']
[0.420s] Level 1:colcon.colcon_core.package_identification:_identify(.) by extension 'ros'
[0.436s] Level 1:colcon.colcon_core.package_identification:_identify(.) by extensions ['cmake', 'python']
[0.436s] Level 1:colcon.colcon_core.package_identification:_identify(.) by extension 'cmake'
[0.436s] Level 1:colcon.colcon_core.package_identification:_identify(.) by extension 'python'
[0.436s] Level 1:colcon.colcon_core.package_identification:_identify(.) by extensions ['python_setup_py']
[0.436s] Level 1:colcon.colcon_core.package_identification:_identify(.) by extension 'python_setup_py'
[0.437s] Level 1:colcon.colcon_core.package_identification:_identify(Backup) by extensions ['ignore', 'ignore_ament_install']
[0.437s] Level 1:colcon.colcon_core.package_identification:_identify(Backup) by extension 'ignore'
[0.437s] Level 1:colcon.colcon_core.package_identification:_identify(Backup) by extension 'ignore_ament_install'
[0.437s] Level 1:colcon.colcon_core.package_identification:_identify(Backup) by extensions ['colcon_pkg']
[0.437s] Level 1:colcon.colcon_core.package_identification:_identify(Backup) by extension 'colcon_pkg'
[0.437s] Level 1:colcon.colcon_core.package_identification:_identify(Backup) by extensions ['colcon_meta']
[0.438s] Level 1:colcon.colcon_core.package_identification:_identify(Backup) by extension 'colcon_meta'
[0.438s] Level 1:colcon.colcon_core.package_identification:_identify(Backup) by extensions ['ros']
[0.438s] Level 1:colcon.colcon_core.package_identification:_identify(Backup) by extension 'ros'
[0.438s] Level 1:colcon.colcon_core.package_identification:_identify(Backup) by extensions ['cmake', 'python']
[0.438s] Level 1:colcon.colcon_core.package_identification:_identify(Backup) by extension 'cmake'
[0.438s] Level 1:colcon.colcon_core.package_identification:_identify(Backup) by extension 'python'
[0.439s] Level 1:colcon.colcon_core.package_identification:_identify(Backup) by extensions ['python_setup_py']
[0.439s] Level 1:colcon.colcon_core.package_identification:_identify(Backup) by extension 'python_setup_py'
[0.439s] Level 1:colcon.colcon_core.package_identification:_identify(Backup/px4_offboard_velocity-backup) by extensions ['ignore', 'ignore_ament_install']
[0.439s] Level 1:colcon.colcon_core.package_identification:_identify(Backup/px4_offboard_velocity-backup) by extension 'ignore'
[0.439s] Level 1:colcon.colcon_core.package_identification:_identify(Backup/px4_offboard_velocity-backup) by extension 'ignore_ament_install'
[0.439s] Level 1:colcon.colcon_core.package_identification:_identify(Backup/px4_offboard_velocity-backup) by extensions ['colcon_pkg']
[0.440s] Level 1:colcon.colcon_core.package_identification:_identify(Backup/px4_offboard_velocity-backup) by extension 'colcon_pkg'
[0.440s] Level 1:colcon.colcon_core.package_identification:_identify(Backup/px4_offboard_velocity-backup) by extensions ['colcon_meta']
[0.440s] Level 1:colcon.colcon_core.package_identification:_identify(Backup/px4_offboard_velocity-backup) by extension 'colcon_meta'
[0.440s] Level 1:colcon.colcon_core.package_identification:_identify(Backup/px4_offboard_velocity-backup) by extensions ['ros']
[0.440s] Level 1:colcon.colcon_core.package_identification:_identify(Backup/px4_offboard_velocity-backup) by extension 'ros'
[0.440s] Level 1:colcon.colcon_core.package_identification:_identify(Backup/px4_offboard_velocity-backup) by extensions ['cmake', 'python']
[0.440s] Level 1:colcon.colcon_core.package_identification:_identify(Backup/px4_offboard_velocity-backup) by extension 'cmake'
[0.440s] Level 1:colcon.colcon_core.package_identification:_identify(Backup/px4_offboard_velocity-backup) by extension 'python'
[0.441s] Level 1:colcon.colcon_core.package_identification:_identify(Backup/px4_offboard_velocity-backup) by extensions ['python_setup_py']
[0.441s] Level 1:colcon.colcon_core.package_identification:_identify(Backup/px4_offboard_velocity-backup) by extension 'python_setup_py'
[0.441s] Level 1:colcon.colcon_core.package_identification:_identify(Backup/px4_offboard_velocity-backup/px4_offboard) by extensions ['ignore', 'ignore_ament_install']
[0.441s] Level 1:colcon.colcon_core.package_identification:_identify(Backup/px4_offboard_velocity-backup/px4_offboard) by extension 'ignore'
[0.441s] Level 1:colcon.colcon_core.package_identification:_identify(Backup/px4_offboard_velocity-backup/px4_offboard) by extension 'ignore_ament_install'
[0.441s] Level 1:colcon.colcon_core.package_identification:_identify(Backup/px4_offboard_velocity-backup/px4_offboard) by extensions ['colcon_pkg']
[0.441s] Level 1:colcon.colcon_core.package_identification:_identify(Backup/px4_offboard_velocity-backup/px4_offboard) by extension 'colcon_pkg'
[0.442s] Level 1:colcon.colcon_core.package_identification:_identify(Backup/px4_offboard_velocity-backup/px4_offboard) by extensions ['colcon_meta']
[0.442s] Level 1:colcon.colcon_core.package_identification:_identify(Backup/px4_offboard_velocity-backup/px4_offboard) by extension 'colcon_meta'
[0.442s] Level 1:colcon.colcon_core.package_identification:_identify(Backup/px4_offboard_velocity-backup/px4_offboard) by extensions ['ros']
[0.442s] Level 1:colcon.colcon_core.package_identification:_identify(Backup/px4_offboard_velocity-backup/px4_offboard) by extension 'ros'
[0.447s] DEBUG:colcon.colcon_core.package_identification:Package 'Backup/px4_offboard_velocity-backup/px4_offboard' with type 'ros.ament_python' and name 'px4_offboard'
[0.448s] Level 1:colcon.colcon_core.package_identification:_identify(build) by extensions ['ignore', 'ignore_ament_install']
[0.448s] Level 1:colcon.colcon_core.package_identification:_identify(build) by extension 'ignore'
[0.448s] Level 1:colcon.colcon_core.package_identification:_identify(build) ignored
[0.448s] Level 1:colcon.colcon_core.package_identification:_identify(install) by extensions ['ignore', 'ignore_ament_install']
[0.448s] Level 1:colcon.colcon_core.package_identification:_identify(install) by extension 'ignore'
[0.448s] Level 1:colcon.colcon_core.package_identification:_identify(install) ignored
[0.449s] Level 1:colcon.colcon_core.package_identification:_identify(log) by extensions ['ignore', 'ignore_ament_install']
[0.449s] Level 1:colcon.colcon_core.package_identification:_identify(log) by extension 'ignore'
[0.449s] Level 1:colcon.colcon_core.package_identification:_identify(log) ignored
[0.449s] Level 1:colcon.colcon_core.package_identification:_identify(src) by extensions ['ignore', 'ignore_ament_install']
[0.449s] Level 1:colcon.colcon_core.package_identification:_identify(src) by extension 'ignore'
[0.449s] Level 1:colcon.colcon_core.package_identification:_identify(src) by extension 'ignore_ament_install'
[0.449s] Level 1:colcon.colcon_core.package_identification:_identify(src) by extensions ['colcon_pkg']
[0.450s] Level 1:colcon.colcon_core.package_identification:_identify(src) by extension 'colcon_pkg'
[0.450s] Level 1:colcon.colcon_core.package_identification:_identify(src) by extensions ['colcon_meta']
[0.450s] Level 1:colcon.colcon_core.package_identification:_identify(src) by extension 'colcon_meta'
[0.451s] Level 1:colcon.colcon_core.package_identification:_identify(src) by extensions ['ros']
[0.451s] Level 1:colcon.colcon_core.package_identification:_identify(src) by extension 'ros'
[0.451s] Level 1:colcon.colcon_core.package_identification:_identify(src) by extensions ['cmake', 'python']
[0.451s] Level 1:colcon.colcon_core.package_identification:_identify(src) by extension 'cmake'
[0.451s] Level 1:colcon.colcon_core.package_identification:_identify(src) by extension 'python'
[0.451s] Level 1:colcon.colcon_core.package_identification:_identify(src) by extensions ['python_setup_py']
[0.451s] Level 1:colcon.colcon_core.package_identification:_identify(src) by extension 'python_setup_py'
[0.452s] Level 1:colcon.colcon_core.package_identification:_identify(src/Offboard_lowlevel_cpp) by extensions ['ignore', 'ignore_ament_install']
[0.452s] Level 1:colcon.colcon_core.package_identification:_identify(src/Offboard_lowlevel_cpp) by extension 'ignore'
[0.452s] Level 1:colcon.colcon_core.package_identification:_identify(src/Offboard_lowlevel_cpp) by extension 'ignore_ament_install'
[0.452s] Level 1:colcon.colcon_core.package_identification:_identify(src/Offboard_lowlevel_cpp) by extensions ['colcon_pkg']
[0.452s] Level 1:colcon.colcon_core.package_identification:_identify(src/Offboard_lowlevel_cpp) by extension 'colcon_pkg'
[0.452s] Level 1:colcon.colcon_core.package_identification:_identify(src/Offboard_lowlevel_cpp) by extensions ['colcon_meta']
[0.452s] Level 1:colcon.colcon_core.package_identification:_identify(src/Offboard_lowlevel_cpp) by extension 'colcon_meta'
[0.453s] Level 1:colcon.colcon_core.package_identification:_identify(src/Offboard_lowlevel_cpp) by extensions ['ros']
[0.453s] Level 1:colcon.colcon_core.package_identification:_identify(src/Offboard_lowlevel_cpp) by extension 'ros'
[0.453s] Level 1:colcon.colcon_core.package_identification:_identify(src/Offboard_lowlevel_cpp) by extensions ['cmake', 'python']
[0.453s] Level 1:colcon.colcon_core.package_identification:_identify(src/Offboard_lowlevel_cpp) by extension 'cmake'
[0.453s] Level 1:colcon.colcon_core.package_identification:_identify(src/Offboard_lowlevel_cpp) by extension 'python'
[0.453s] Level 1:colcon.colcon_core.package_identification:_identify(src/Offboard_lowlevel_cpp) by extensions ['python_setup_py']
[0.453s] Level 1:colcon.colcon_core.package_identification:_identify(src/Offboard_lowlevel_cpp) by extension 'python_setup_py'
[0.453s] Level 1:colcon.colcon_core.package_identification:_identify(src/Offboard_lowlevel_cpp/include) by extensions ['ignore', 'ignore_ament_install']
[0.454s] Level 1:colcon.colcon_core.package_identification:_identify(src/Offboard_lowlevel_cpp/include) by extension 'ignore'
[0.454s] Level 1:colcon.colcon_core.package_identification:_identify(src/Offboard_lowlevel_cpp/include) by extension 'ignore_ament_install'
[0.454s] Level 1:colcon.colcon_core.package_identification:_identify(src/Offboard_lowlevel_cpp/include) by extensions ['colcon_pkg']
[0.454s] Level 1:colcon.colcon_core.package_identification:_identify(src/Offboard_lowlevel_cpp/include) by extension 'colcon_pkg'
[0.454s] Level 1:colcon.colcon_core.package_identification:_identify(src/Offboard_lowlevel_cpp/include) by extensions ['colcon_meta']
[0.454s] Level 1:colcon.colcon_core.package_identification:_identify(src/Offboard_lowlevel_cpp/include) by extension 'colcon_meta'
[0.455s] Level 1:colcon.colcon_core.package_identification:_identify(src/Offboard_lowlevel_cpp/include) by extensions ['ros']
[0.455s] Level 1:colcon.colcon_core.package_identification:_identify(src/Offboard_lowlevel_cpp/include) by extension 'ros'
[0.455s] Level 1:colcon.colcon_core.package_identification:_identify(src/Offboard_lowlevel_cpp/include) by extensions ['cmake', 'python']
[0.456s] Level 1:colcon.colcon_core.package_identification:_identify(src/Offboard_lowlevel_cpp/include) by extension 'cmake'
[0.456s] Level 1:colcon.colcon_core.package_identification:_identify(src/Offboard_lowlevel_cpp/include) by extension 'python'
[0.456s] Level 1:colcon.colcon_core.package_identification:_identify(src/Offboard_lowlevel_cpp/include) by extensions ['python_setup_py']
[0.456s] Level 1:colcon.colcon_core.package_identification:_identify(src/Offboard_lowlevel_cpp/include) by extension 'python_setup_py'
[0.461s] Level 1:colcon.colcon_core.package_identification:_identify(src/Offboard_lowlevel_cpp/include/px4_offboard_lowlevel) by extensions ['ignore', 'ignore_ament_install']
[0.462s] Level 1:colcon.colcon_core.package_identification:_identify(src/Offboard_lowlevel_cpp/include/px4_offboard_lowlevel) by extension 'ignore'
[0.462s] Level 1:colcon.colcon_core.package_identification:_identify(src/Offboard_lowlevel_cpp/include/px4_offboard_lowlevel) by extension 'ignore_ament_install'
[0.462s] Level 1:colcon.colcon_core.package_identification:_identify(src/Offboard_lowlevel_cpp/include/px4_offboard_lowlevel) by extensions ['colcon_pkg']
[0.462s] Level 1:colcon.colcon_core.package_identification:_identify(src/Offboard_lowlevel_cpp/include/px4_offboard_lowlevel) by extension 'colcon_pkg'
[0.462s] Level 1:colcon.colcon_core.package_identification:_identify(src/Offboard_lowlevel_cpp/include/px4_offboard_lowlevel) by extensions ['colcon_meta']
[0.463s] Level 1:colcon.colcon_core.package_identification:_identify(src/Offboard_lowlevel_cpp/include/px4_offboard_lowlevel) by extension 'colcon_meta'
[0.463s] Level 1:colcon.colcon_core.package_identification:_identify(src/Offboard_lowlevel_cpp/include/px4_offboard_lowlevel) by extensions ['ros']
[0.463s] Level 1:colcon.colcon_core.package_identification:_identify(src/Offboard_lowlevel_cpp/include/px4_offboard_lowlevel) by extension 'ros'
[0.463s] Level 1:colcon.colcon_core.package_identification:_identify(src/Offboard_lowlevel_cpp/include/px4_offboard_lowlevel) by extensions ['cmake', 'python']
[0.463s] Level 1:colcon.colcon_core.package_identification:_identify(src/Offboard_lowlevel_cpp/include/px4_offboard_lowlevel) by extension 'cmake'
[0.463s] Level 1:colcon.colcon_core.package_identification:_identify(src/Offboard_lowlevel_cpp/include/px4_offboard_lowlevel) by extension 'python'
[0.463s] Level 1:colcon.colcon_core.package_identification:_identify(src/Offboard_lowlevel_cpp/include/px4_offboard_lowlevel) by extensions ['python_setup_py']
[0.464s] Level 1:colcon.colcon_core.package_identification:_identify(src/Offboard_lowlevel_cpp/include/px4_offboard_lowlevel) by extension 'python_setup_py'
[0.464s] Level 1:colcon.colcon_core.package_identification:_identify(src/Offboard_lowlevel_cpp/instructions) by extensions ['ignore', 'ignore_ament_install']
[0.464s] Level 1:colcon.colcon_core.package_identification:_identify(src/Offboard_lowlevel_cpp/instructions) by extension 'ignore'
[0.464s] Level 1:colcon.colcon_core.package_identification:_identify(src/Offboard_lowlevel_cpp/instructions) by extension 'ignore_ament_install'
[0.465s] Level 1:colcon.colcon_core.package_identification:_identify(src/Offboard_lowlevel_cpp/instructions) by extensions ['colcon_pkg']
[0.465s] Level 1:colcon.colcon_core.package_identification:_identify(src/Offboard_lowlevel_cpp/instructions) by extension 'colcon_pkg'
[0.465s] Level 1:colcon.colcon_core.package_identification:_identify(src/Offboard_lowlevel_cpp/instructions) by extensions ['colcon_meta']
[0.465s] Level 1:colcon.colcon_core.package_identification:_identify(src/Offboard_lowlevel_cpp/instructions) by extension 'colcon_meta'
[0.465s] Level 1:colcon.colcon_core.package_identification:_identify(src/Offboard_lowlevel_cpp/instructions) by extensions ['ros']
[0.466s] Level 1:colcon.colcon_core.package_identification:_identify(src/Offboard_lowlevel_cpp/instructions) by extension 'ros'
[0.466s] Level 1:colcon.colcon_core.package_identification:_identify(src/Offboard_lowlevel_cpp/instructions) by extensions ['cmake', 'python']
[0.466s] Level 1:colcon.colcon_core.package_identification:_identify(src/Offboard_lowlevel_cpp/instructions) by extension 'cmake'
[0.466s] Level 1:colcon.colcon_core.package_identification:_identify(src/Offboard_lowlevel_cpp/instructions) by extension 'python'
[0.467s] Level 1:colcon.colcon_core.package_identification:_identify(src/Offboard_lowlevel_cpp/instructions) by extensions ['python_setup_py']
[0.467s] Level 1:colcon.colcon_core.package_identification:_identify(src/Offboard_lowlevel_cpp/instructions) by extension 'python_setup_py'
[0.467s] Level 1:colcon.colcon_core.package_identification:_identify(src/Offboard_lowlevel_cpp/instructions/media) by extensions ['ignore', 'ignore_ament_install']
[0.467s] Level 1:colcon.colcon_core.package_identification:_identify(src/Offboard_lowlevel_cpp/instructions/media) by extension 'ignore'
[0.467s] Level 1:colcon.colcon_core.package_identification:_identify(src/Offboard_lowlevel_cpp/instructions/media) by extension 'ignore_ament_install'
[0.468s] Level 1:colcon.colcon_core.package_identification:_identify(src/Offboard_lowlevel_cpp/instructions/media) by extensions ['colcon_pkg']
[0.468s] Level 1:colcon.colcon_core.package_identification:_identify(src/Offboard_lowlevel_cpp/instructions/media) by extension 'colcon_pkg'
[0.468s] Level 1:colcon.colcon_core.package_identification:_identify(src/Offboard_lowlevel_cpp/instructions/media) by extensions ['colcon_meta']
[0.468s] Level 1:colcon.colcon_core.package_identification:_identify(src/Offboard_lowlevel_cpp/instructions/media) by extension 'colcon_meta'
[0.468s] Level 1:colcon.colcon_core.package_identification:_identify(src/Offboard_lowlevel_cpp/instructions/media) by extensions ['ros']
[0.468s] Level 1:colcon.colcon_core.package_identification:_identify(src/Offboard_lowlevel_cpp/instructions/media) by extension 'ros'
[0.468s] Level 1:colcon.colcon_core.package_identification:_identify(src/Offboard_lowlevel_cpp/instructions/media) by extensions ['cmake', 'python']
[0.469s] Level 1:colcon.colcon_core.package_identification:_identify(src/Offboard_lowlevel_cpp/instructions/media) by extension 'cmake'
[0.469s] Level 1:colcon.colcon_core.package_identification:_identify(src/Offboard_lowlevel_cpp/instructions/media) by extension 'python'
[0.469s] Level 1:colcon.colcon_core.package_identification:_identify(src/Offboard_lowlevel_cpp/instructions/media) by extensions ['python_setup_py']
[0.469s] Level 1:colcon.colcon_core.package_identification:_identify(src/Offboard_lowlevel_cpp/instructions/media) by extension 'python_setup_py'
[0.469s] Level 1:colcon.colcon_core.package_identification:_identify(src/Offboard_lowlevel_cpp/launch) by extensions ['ignore', 'ignore_ament_install']
[0.469s] Level 1:colcon.colcon_core.package_identification:_identify(src/Offboard_lowlevel_cpp/launch) by extension 'ignore'
[0.469s] Level 1:colcon.colcon_core.package_identification:_identify(src/Offboard_lowlevel_cpp/launch) by extension 'ignore_ament_install'
[0.469s] Level 1:colcon.colcon_core.package_identification:_identify(src/Offboard_lowlevel_cpp/launch) by extensions ['colcon_pkg']
[0.470s] Level 1:colcon.colcon_core.package_identification:_identify(src/Offboard_lowlevel_cpp/launch) by extension 'colcon_pkg'
[0.470s] Level 1:colcon.colcon_core.package_identification:_identify(src/Offboard_lowlevel_cpp/launch) by extensions ['colcon_meta']
[0.470s] Level 1:colcon.colcon_core.package_identification:_identify(src/Offboard_lowlevel_cpp/launch) by extension 'colcon_meta'
[0.470s] Level 1:colcon.colcon_core.package_identification:_identify(src/Offboard_lowlevel_cpp/launch) by extensions ['ros']
[0.470s] Level 1:colcon.colcon_core.package_identification:_identify(src/Offboard_lowlevel_cpp/launch) by extension 'ros'
[0.470s] Level 1:colcon.colcon_core.package_identification:_identify(src/Offboard_lowlevel_cpp/launch) by extensions ['cmake', 'python']
[0.470s] Level 1:colcon.colcon_core.package_identification:_identify(src/Offboard_lowlevel_cpp/launch) by extension 'cmake'
[0.471s] Level 1:colcon.colcon_core.package_identification:_identify(src/Offboard_lowlevel_cpp/launch) by extension 'python'
[0.471s] Level 1:colcon.colcon_core.package_identification:_identify(src/Offboard_lowlevel_cpp/launch) by extensions ['python_setup_py']
[0.471s] Level 1:colcon.colcon_core.package_identification:_identify(src/Offboard_lowlevel_cpp/launch) by extension 'python_setup_py'
[0.471s] Level 1:colcon.colcon_core.package_identification:_identify(src/Offboard_lowlevel_cpp/px4_offboard_lowlevel) by extensions ['ignore', 'ignore_ament_install']
[0.472s] Level 1:colcon.colcon_core.package_identification:_identify(src/Offboard_lowlevel_cpp/px4_offboard_lowlevel) by extension 'ignore'
[0.472s] Level 1:colcon.colcon_core.package_identification:_identify(src/Offboard_lowlevel_cpp/px4_offboard_lowlevel) by extension 'ignore_ament_install'
[0.472s] Level 1:colcon.colcon_core.package_identification:_identify(src/Offboard_lowlevel_cpp/px4_offboard_lowlevel) by extensions ['colcon_pkg']
[0.472s] Level 1:colcon.colcon_core.package_identification:_identify(src/Offboard_lowlevel_cpp/px4_offboard_lowlevel) by extension 'colcon_pkg'
[0.472s] Level 1:colcon.colcon_core.package_identification:_identify(src/Offboard_lowlevel_cpp/px4_offboard_lowlevel) by extensions ['colcon_meta']
[0.472s] Level 1:colcon.colcon_core.package_identification:_identify(src/Offboard_lowlevel_cpp/px4_offboard_lowlevel) by extension 'colcon_meta'
[0.472s] Level 1:colcon.colcon_core.package_identification:_identify(src/Offboard_lowlevel_cpp/px4_offboard_lowlevel) by extensions ['ros']
[0.472s] Level 1:colcon.colcon_core.package_identification:_identify(src/Offboard_lowlevel_cpp/px4_offboard_lowlevel) by extension 'ros'
[0.472s] Level 1:colcon.colcon_core.package_identification:_identify(src/Offboard_lowlevel_cpp/px4_offboard_lowlevel) by extensions ['cmake', 'python']
[0.472s] Level 1:colcon.colcon_core.package_identification:_identify(src/Offboard_lowlevel_cpp/px4_offboard_lowlevel) by extension 'cmake'
[0.472s] Level 1:colcon.colcon_core.package_identification:_identify(src/Offboard_lowlevel_cpp/px4_offboard_lowlevel) by extension 'python'
[0.472s] Level 1:colcon.colcon_core.package_identification:_identify(src/Offboard_lowlevel_cpp/px4_offboard_lowlevel) by extensions ['python_setup_py']
[0.472s] Level 1:colcon.colcon_core.package_identification:_identify(src/Offboard_lowlevel_cpp/px4_offboard_lowlevel) by extension 'python_setup_py'
[0.472s] Level 1:colcon.colcon_core.package_identification:_identify(src/Offboard_lowlevel_cpp/scripts) by extensions ['ignore', 'ignore_ament_install']
[0.473s] Level 1:colcon.colcon_core.package_identification:_identify(src/Offboard_lowlevel_cpp/scripts) by extension 'ignore'
[0.473s] Level 1:colcon.colcon_core.package_identification:_identify(src/Offboard_lowlevel_cpp/scripts) by extension 'ignore_ament_install'
[0.473s] Level 1:colcon.colcon_core.package_identification:_identify(src/Offboard_lowlevel_cpp/scripts) by extensions ['colcon_pkg']
[0.473s] Level 1:colcon.colcon_core.package_identification:_identify(src/Offboard_lowlevel_cpp/scripts) by extension 'colcon_pkg'
[0.473s] Level 1:colcon.colcon_core.package_identification:_identify(src/Offboard_lowlevel_cpp/scripts) by extensions ['colcon_meta']
[0.473s] Level 1:colcon.colcon_core.package_identification:_identify(src/Offboard_lowlevel_cpp/scripts) by extension 'colcon_meta'
[0.473s] Level 1:colcon.colcon_core.package_identification:_identify(src/Offboard_lowlevel_cpp/scripts) by extensions ['ros']
[0.473s] Level 1:colcon.colcon_core.package_identification:_identify(src/Offboard_lowlevel_cpp/scripts) by extension 'ros'
[0.473s] Level 1:colcon.colcon_core.package_identification:_identify(src/Offboard_lowlevel_cpp/scripts) by extensions ['cmake', 'python']
[0.473s] Level 1:colcon.colcon_core.package_identification:_identify(src/Offboard_lowlevel_cpp/scripts) by extension 'cmake'
[0.473s] Level 1:colcon.colcon_core.package_identification:_identify(src/Offboard_lowlevel_cpp/scripts) by extension 'python'
[0.473s] Level 1:colcon.colcon_core.package_identification:_identify(src/Offboard_lowlevel_cpp/scripts) by extensions ['python_setup_py']
[0.473s] Level 1:colcon.colcon_core.package_identification:_identify(src/Offboard_lowlevel_cpp/scripts) by extension 'python_setup_py'
[0.473s] Level 1:colcon.colcon_core.package_identification:_identify(src/px4_msgs) by extensions ['ignore', 'ignore_ament_install']
[0.473s] Level 1:colcon.colcon_core.package_identification:_identify(src/px4_msgs) by extension 'ignore'
[0.473s] Level 1:colcon.colcon_core.package_identification:_identify(src/px4_msgs) by extension 'ignore_ament_install'
[0.473s] Level 1:colcon.colcon_core.package_identification:_identify(src/px4_msgs) by extensions ['colcon_pkg']
[0.473s] Level 1:colcon.colcon_core.package_identification:_identify(src/px4_msgs) by extension 'colcon_pkg'
[0.473s] Level 1:colcon.colcon_core.package_identification:_identify(src/px4_msgs) by extensions ['colcon_meta']
[0.473s] Level 1:colcon.colcon_core.package_identification:_identify(src/px4_msgs) by extension 'colcon_meta'
[0.473s] Level 1:colcon.colcon_core.package_identification:_identify(src/px4_msgs) by extensions ['ros']
[0.473s] Level 1:colcon.colcon_core.package_identification:_identify(src/px4_msgs) by extension 'ros'
[0.473s] Level 1:colcon.colcon_core.package_identification:_identify(src/px4_msgs) by extensions ['cmake', 'python']
[0.473s] Level 1:colcon.colcon_core.package_identification:_identify(src/px4_msgs) by extension 'cmake'
[0.473s] Level 1:colcon.colcon_core.package_identification:_identify(src/px4_msgs) by extension 'python'
[0.473s] Level 1:colcon.colcon_core.package_identification:_identify(src/px4_msgs) by extensions ['python_setup_py']
[0.473s] Level 1:colcon.colcon_core.package_identification:_identify(src/px4_msgs) by extension 'python_setup_py'
[0.473s] Level 1:colcon.colcon_core.package_identification:_identify(src/px4_offboard_MPC_velocity) by extensions ['ignore', 'ignore_ament_install']
[0.473s] Level 1:colcon.colcon_core.package_identification:_identify(src/px4_offboard_MPC_velocity) by extension 'ignore'
[0.473s] Level 1:colcon.colcon_core.package_identification:_identify(src/px4_offboard_MPC_velocity) by extension 'ignore_ament_install'
[0.473s] Level 1:colcon.colcon_core.package_identification:_identify(src/px4_offboard_MPC_velocity) by extensions ['colcon_pkg']
[0.473s] Level 1:colcon.colcon_core.package_identification:_identify(src/px4_offboard_MPC_velocity) by extension 'colcon_pkg'
[0.474s] Level 1:colcon.colcon_core.package_identification:_identify(src/px4_offboard_MPC_velocity) by extensions ['colcon_meta']
[0.474s] Level 1:colcon.colcon_core.package_identification:_identify(src/px4_offboard_MPC_velocity) by extension 'colcon_meta'
[0.474s] Level 1:colcon.colcon_core.package_identification:_identify(src/px4_offboard_MPC_velocity) by extensions ['ros']
[0.474s] Level 1:colcon.colcon_core.package_identification:_identify(src/px4_offboard_MPC_velocity) by extension 'ros'
[0.475s] DEBUG:colcon.colcon_core.package_identification:Package 'src/px4_offboard_MPC_velocity' with type 'ros.ament_python' and name 'px4_offboard_MPC-velocity'
[0.475s] Level 1:colcon.colcon_core.package_identification:_identify(src/px4_offboard_position) by extensions ['ignore', 'ignore_ament_install']
[0.475s] Level 1:colcon.colcon_core.package_identification:_identify(src/px4_offboard_position) by extension 'ignore'
[0.475s] Level 1:colcon.colcon_core.package_identification:_identify(src/px4_offboard_position) by extension 'ignore_ament_install'
[0.476s] Level 1:colcon.colcon_core.package_identification:_identify(src/px4_offboard_position) by extensions ['colcon_pkg']
[0.476s] Level 1:colcon.colcon_core.package_identification:_identify(src/px4_offboard_position) by extension 'colcon_pkg'
[0.476s] Level 1:colcon.colcon_core.package_identification:_identify(src/px4_offboard_position) by extensions ['colcon_meta']
[0.476s] Level 1:colcon.colcon_core.package_identification:_identify(src/px4_offboard_position) by extension 'colcon_meta'
[0.476s] Level 1:colcon.colcon_core.package_identification:_identify(src/px4_offboard_position) by extensions ['ros']
[0.476s] Level 1:colcon.colcon_core.package_identification:_identify(src/px4_offboard_position) by extension 'ros'
[0.478s] DEBUG:colcon.colcon_core.package_identification:Package 'src/px4_offboard_position' with type 'ros.ament_python' and name 'px4_offboard_position'
[0.478s] Level 1:colcon.colcon_core.package_identification:_identify(src/px4_offboard_velocity) by extensions ['ignore', 'ignore_ament_install']
[0.478s] Level 1:colcon.colcon_core.package_identification:_identify(src/px4_offboard_velocity) by extension 'ignore'
[0.478s] Level 1:colcon.colcon_core.package_identification:_identify(src/px4_offboard_velocity) by extension 'ignore_ament_install'
[0.484s] Level 1:colcon.colcon_core.package_identification:_identify(src/px4_offboard_velocity) by extensions ['colcon_pkg']
[0.485s] Level 1:colcon.colcon_core.package_identification:_identify(src/px4_offboard_velocity) by extension 'colcon_pkg'
[0.485s] Level 1:colcon.colcon_core.package_identification:_identify(src/px4_offboard_velocity) by extensions ['colcon_meta']
[0.486s] Level 1:colcon.colcon_core.package_identification:_identify(src/px4_offboard_velocity) by extension 'colcon_meta'
[0.486s] Level 1:colcon.colcon_core.package_identification:_identify(src/px4_offboard_velocity) by extensions ['ros']
[0.486s] Level 1:colcon.colcon_core.package_identification:_identify(src/px4_offboard_velocity) by extension 'ros'
[0.486s] Level 1:colcon.colcon_core.package_identification:_identify(src/px4_offboard_velocity) by extensions ['cmake', 'python']
[0.486s] Level 1:colcon.colcon_core.package_identification:_identify(src/px4_offboard_velocity) by extension 'cmake'
[0.487s] Level 1:colcon.colcon_core.package_identification:_identify(src/px4_offboard_velocity) by extension 'python'
[0.487s] Level 1:colcon.colcon_core.package_identification:_identify(src/px4_offboard_velocity) by extensions ['python_setup_py']
[0.487s] Level 1:colcon.colcon_core.package_identification:_identify(src/px4_offboard_velocity) by extension 'python_setup_py'
[0.487s] Level 1:colcon.colcon_core.package_identification:_identify(src/px4_offboard_velocity/px4_offboard) by extensions ['ignore', 'ignore_ament_install']
[0.487s] Level 1:colcon.colcon_core.package_identification:_identify(src/px4_offboard_velocity/px4_offboard) by extension 'ignore'
[0.487s] Level 1:colcon.colcon_core.package_identification:_identify(src/px4_offboard_velocity/px4_offboard) by extension 'ignore_ament_install'
[0.488s] Level 1:colcon.colcon_core.package_identification:_identify(src/px4_offboard_velocity/px4_offboard) by extensions ['colcon_pkg']
[0.488s] Level 1:colcon.colcon_core.package_identification:_identify(src/px4_offboard_velocity/px4_offboard) by extension 'colcon_pkg'
[0.488s] Level 1:colcon.colcon_core.package_identification:_identify(src/px4_offboard_velocity/px4_offboard) by extensions ['colcon_meta']
[0.488s] Level 1:colcon.colcon_core.package_identification:_identify(src/px4_offboard_velocity/px4_offboard) by extension 'colcon_meta'
[0.488s] Level 1:colcon.colcon_core.package_identification:_identify(src/px4_offboard_velocity/px4_offboard) by extensions ['ros']
[0.488s] Level 1:colcon.colcon_core.package_identification:_identify(src/px4_offboard_velocity/px4_offboard) by extension 'ros'
[0.490s] DEBUG:colcon.colcon_core.package_identification:Package 'src/px4_offboard_velocity/px4_offboard' with type 'ros.ament_python' and name 'px4_offboard'
[0.491s] Level 1:colcon.colcon_core.package_identification:_identify(src/px4_ros_com) by extensions ['ignore', 'ignore_ament_install']
[0.491s] Level 1:colcon.colcon_core.package_identification:_identify(src/px4_ros_com) by extension 'ignore'
[0.491s] Level 1:colcon.colcon_core.package_identification:_identify(src/px4_ros_com) by extension 'ignore_ament_install'
[0.491s] Level 1:colcon.colcon_core.package_identification:_identify(src/px4_ros_com) by extensions ['colcon_pkg']
[0.491s] Level 1:colcon.colcon_core.package_identification:_identify(src/px4_ros_com) by extension 'colcon_pkg'
[0.491s] Level 1:colcon.colcon_core.package_identification:_identify(src/px4_ros_com) by extensions ['colcon_meta']
[0.491s] Level 1:colcon.colcon_core.package_identification:_identify(src/px4_ros_com) by extension 'colcon_meta'
[0.492s] Level 1:colcon.colcon_core.package_identification:_identify(src/px4_ros_com) by extensions ['ros']
[0.492s] Level 1:colcon.colcon_core.package_identification:_identify(src/px4_ros_com) by extension 'ros'
[0.492s] Level 1:colcon.colcon_core.package_identification:_identify(src/px4_ros_com) by extensions ['cmake', 'python']
[0.492s] Level 1:colcon.colcon_core.package_identification:_identify(src/px4_ros_com) by extension 'cmake'
[0.493s] Level 1:colcon.colcon_core.package_identification:_identify(src/px4_ros_com) by extension 'python'
[0.493s] Level 1:colcon.colcon_core.package_identification:_identify(src/px4_ros_com) by extensions ['python_setup_py']
[0.493s] Level 1:colcon.colcon_core.package_identification:_identify(src/px4_ros_com) by extension 'python_setup_py'
[0.493s] Level 1:colcon.colcon_core.package_discovery:discover_packages(recursive) using defaults
[0.493s] Level 1:colcon.colcon_core.package_discovery:discover_packages(ignore) discover
[0.494s] Level 1:colcon.colcon_core.package_discovery:discover_packages(ignore) using defaults
[0.494s] Level 1:colcon.colcon_core.package_discovery:discover_packages(path) discover
[0.494s] Level 1:colcon.colcon_core.package_discovery:discover_packages(path) using defaults
[0.529s] INFO:colcon.colcon_core.package_selection:Skipping not selected package 'px4_offboard_MPC-velocity' in 'src/px4_offboard_MPC_velocity'
[0.529s] INFO:colcon.colcon_core.package_selection:Skipping not selected package 'px4_offboard_position' in 'src/px4_offboard_position'
[0.530s] Level 1:colcon.colcon_core.package_discovery:discover_packages(prefix_path) check parameters
[0.530s] Level 1:colcon.colcon_core.package_discovery:discover_packages(prefix_path) discover
[0.533s] DEBUG:colcon.colcon_installed_package_information.package_discovery:Found 286 installed packages in /opt/ros/humble
[0.535s] Level 1:colcon.colcon_core.package_discovery:discover_packages(prefix_path) using defaults
[0.583s] ERROR:colcon:colcon build: Duplicate package names not supported:
- px4_offboard:
  - Backup/px4_offboard_velocity-backup/px4_offboard
  - src/px4_offboard_velocity/px4_offboard
