running egg_info
writing ../../../build/px4_offboard/px4_offboard.egg-info/PKG-INFO
writing dependency_links to ../../../build/px4_offboard/px4_offboard.egg-info/dependency_links.txt
writing entry points to ../../../build/px4_offboard/px4_offboard.egg-info/entry_points.txt
writing requirements to ../../../build/px4_offboard/px4_offboard.egg-info/requires.txt
writing top-level names to ../../../build/px4_offboard/px4_offboard.egg-info/top_level.txt
reading manifest file '../../../build/px4_offboard/px4_offboard.egg-info/SOURCES.txt'
adding license file 'LICENSE'
writing manifest file '../../../build/px4_offboard/px4_offboard.egg-info/SOURCES.txt'
running build
running build_py
copying px4_offboard/__init__.py -> /home/guiliang-linux/Documents/projects/DroneProject/ws_px4_ros2_controlAlgorithm/build/px4_offboard/build/lib/px4_offboard
copying px4_offboard/control.py -> /home/guiliang-linux/Documents/projects/DroneProject/ws_px4_ros2_controlAlgorithm/build/px4_offboard/build/lib/px4_offboard
copying px4_offboard/processes.py -> /home/guiliang-linux/Documents/projects/DroneProject/ws_px4_ros2_controlAlgorithm/build/px4_offboard/build/lib/px4_offboard
copying px4_offboard/temp.py -> /home/guiliang-linux/Documents/projects/DroneProject/ws_px4_ros2_controlAlgorithm/build/px4_offboard/build/lib/px4_offboard
copying px4_offboard/position_velocity_control.py -> /home/guiliang-linux/Documents/projects/DroneProject/ws_px4_ros2_controlAlgorithm/build/px4_offboard/build/lib/px4_offboard
copying px4_offboard/visualizer.py -> /home/guiliang-linux/Documents/projects/DroneProject/ws_px4_ros2_controlAlgorithm/build/px4_offboard/build/lib/px4_offboard
copying px4_offboard/velocity_control.py -> /home/guiliang-linux/Documents/projects/DroneProject/ws_px4_ros2_controlAlgorithm/build/px4_offboard/build/lib/px4_offboard
running install
running install_lib
copying /home/guiliang-linux/Documents/projects/DroneProject/ws_px4_ros2_controlAlgorithm/build/px4_offboard/build/lib/px4_offboard/__init__.py -> /home/guiliang-linux/Documents/projects/DroneProject/ws_px4_ros2_controlAlgorithm/install/px4_offboard/lib/python3.10/site-packages/px4_offboard
copying /home/guiliang-linux/Documents/projects/DroneProject/ws_px4_ros2_controlAlgorithm/build/px4_offboard/build/lib/px4_offboard/control.py -> /home/guiliang-linux/Documents/projects/DroneProject/ws_px4_ros2_controlAlgorithm/install/px4_offboard/lib/python3.10/site-packages/px4_offboard
copying /home/guiliang-linux/Documents/projects/DroneProject/ws_px4_ros2_controlAlgorithm/build/px4_offboard/build/lib/px4_offboard/processes.py -> /home/guiliang-linux/Documents/projects/DroneProject/ws_px4_ros2_controlAlgorithm/install/px4_offboard/lib/python3.10/site-packages/px4_offboard
copying /home/guiliang-linux/Documents/projects/DroneProject/ws_px4_ros2_controlAlgorithm/build/px4_offboard/build/lib/px4_offboard/temp.py -> /home/guiliang-linux/Documents/projects/DroneProject/ws_px4_ros2_controlAlgorithm/install/px4_offboard/lib/python3.10/site-packages/px4_offboard
copying /home/guiliang-linux/Documents/projects/DroneProject/ws_px4_ros2_controlAlgorithm/build/px4_offboard/build/lib/px4_offboard/position_velocity_control.py -> /home/guiliang-linux/Documents/projects/DroneProject/ws_px4_ros2_controlAlgorithm/install/px4_offboard/lib/python3.10/site-packages/px4_offboard
copying /home/guiliang-linux/Documents/projects/DroneProject/ws_px4_ros2_controlAlgorithm/build/px4_offboard/build/lib/px4_offboard/visualizer.py -> /home/guiliang-linux/Documents/projects/DroneProject/ws_px4_ros2_controlAlgorithm/install/px4_offboard/lib/python3.10/site-packages/px4_offboard
copying /home/guiliang-linux/Documents/projects/DroneProject/ws_px4_ros2_controlAlgorithm/build/px4_offboard/build/lib/px4_offboard/velocity_control.py -> /home/guiliang-linux/Documents/projects/DroneProject/ws_px4_ros2_controlAlgorithm/install/px4_offboard/lib/python3.10/site-packages/px4_offboard
byte-compiling /home/guiliang-linux/Documents/projects/DroneProject/ws_px4_ros2_controlAlgorithm/install/px4_offboard/lib/python3.10/site-packages/px4_offboard/temp.py to temp.cpython-310.pyc
byte-compiling /home/guiliang-linux/Documents/projects/DroneProject/ws_px4_ros2_controlAlgorithm/install/px4_offboard/lib/python3.10/site-packages/px4_offboard/position_velocity_control.py to position_velocity_control.cpython-310.pyc
running install_data
copying resource/px4_offboard -> /home/guiliang-linux/Documents/projects/DroneProject/ws_px4_ros2_controlAlgorithm/install/px4_offboard/share/ament_index/resource_index/packages
copying resource/visualize.rviz -> /home/guiliang-linux/Documents/projects/DroneProject/ws_px4_ros2_controlAlgorithm/install/px4_offboard/share/ament_index/resource_index/packages
copying package.xml -> /home/guiliang-linux/Documents/projects/DroneProject/ws_px4_ros2_controlAlgorithm/install/px4_offboard/share/px4_offboard
copying launch/offboard_velocity_control.launch.py -> /home/guiliang-linux/Documents/projects/DroneProject/ws_px4_ros2_controlAlgorithm/install/px4_offboard/share/px4_offboard
copying resource/visualize.rviz -> /home/guiliang-linux/Documents/projects/DroneProject/ws_px4_ros2_controlAlgorithm/install/px4_offboard/share/px4_offboard
running install_egg_info
removing '/home/guiliang-linux/Documents/projects/DroneProject/ws_px4_ros2_controlAlgorithm/install/px4_offboard/lib/python3.10/site-packages/px4_offboard-0.0.0-py3.10.egg-info' (and everything under it)
Copying ../../../build/px4_offboard/px4_offboard.egg-info to /home/guiliang-linux/Documents/projects/DroneProject/ws_px4_ros2_controlAlgorithm/install/px4_offboard/lib/python3.10/site-packages/px4_offboard-0.0.0-py3.10.egg-info
running install_scripts
Installing control script to /home/guiliang-linux/Documents/projects/DroneProject/ws_px4_ros2_controlAlgorithm/install/px4_offboard/lib/px4_offboard
Installing offboard_control script to /home/guiliang-linux/Documents/projects/DroneProject/ws_px4_ros2_controlAlgorithm/install/px4_offboard/lib/px4_offboard
Installing processes script to /home/guiliang-linux/Documents/projects/DroneProject/ws_px4_ros2_controlAlgorithm/install/px4_offboard/lib/px4_offboard
Installing velocity_control script to /home/guiliang-linux/Documents/projects/DroneProject/ws_px4_ros2_controlAlgorithm/install/px4_offboard/lib/px4_offboard
Installing visualizer script to /home/guiliang-linux/Documents/projects/DroneProject/ws_px4_ros2_controlAlgorithm/install/px4_offboard/lib/px4_offboard
writing list of installed files to '/home/guiliang-linux/Documents/projects/DroneProject/ws_px4_ros2_controlAlgorithm/build/px4_offboard/install.log'
