[0.534s] Invoking command in '/home/mist/Documents/projects/DroneProject/ws_px4_ros2_controlAlgorithm/src/px4_offboard_velocity/px4_offboard': CMAKE_PREFIX_PATH=/home/mist/Documents/projects/DroneProject/ws_px4_ros2_controlAlgorithm/install/px4_msgs:/home/mist/Documents/projects/DroneProject/ws_px4_ros2_controlAlgorithm/install/px4_ros_com:/home/mist/ros_ws/install LD_LIBRARY_PATH=/home/mist/Documents/projects/DroneProject/ws_px4_ros2_controlAlgorithm/install/px4_msgs/lib:/home/mist/Documents/projects/DroneProject/ws_px4_ros2_controlAlgorithm/install/px4_ros_com/lib:/home/mist/ros_ws/install/lib:/opt/ros/humble/opt/rviz_ogre_vendor/lib:/opt/ros/humble/lib/x86_64-linux-gnu:/opt/ros/humble/lib PYTHONPATH=/home/mist/Documents/projects/DroneProject/ws_px4_ros2_controlAlgorithm/build/px4_offboard/prefix_override:/usr/lib/python3/dist-packages/colcon_core/task/python/colcon_distutils_commands:/home/mist/Documents/projects/DroneProject/ws_px4_ros2_controlAlgorithm/install/px4_offboard/lib/python3.10/site-packages:${PYTHONPATH} /usr/bin/python3 -W ignore:setup.py install is deprecated setup.py egg_info --egg-base ../../../build/px4_offboard build --build-base /home/mist/Documents/projects/DroneProject/ws_px4_ros2_controlAlgorithm/build/px4_offboard/build install --record /home/mist/Documents/projects/DroneProject/ws_px4_ros2_controlAlgorithm/build/px4_offboard/install.log --single-version-externally-managed install_data
[0.686s] running egg_info
[0.686s] creating ../../../build/px4_offboard/px4_offboard.egg-info
[0.696s] writing ../../../build/px4_offboard/px4_offboard.egg-info/PKG-INFO
[0.696s] writing dependency_links to ../../../build/px4_offboard/px4_offboard.egg-info/dependency_links.txt
[0.697s] writing entry points to ../../../build/px4_offboard/px4_offboard.egg-info/entry_points.txt
[0.697s] writing requirements to ../../../build/px4_offboard/px4_offboard.egg-info/requires.txt
[0.697s] writing top-level names to ../../../build/px4_offboard/px4_offboard.egg-info/top_level.txt
[0.697s] writing manifest file '../../../build/px4_offboard/px4_offboard.egg-info/SOURCES.txt'
[0.717s] reading manifest file '../../../build/px4_offboard/px4_offboard.egg-info/SOURCES.txt'
[0.717s] adding license file 'LICENSE'
[0.718s] writing manifest file '../../../build/px4_offboard/px4_offboard.egg-info/SOURCES.txt'
[0.718s] running build
[0.718s] running build_py
[0.718s] creating /home/mist/Documents/projects/DroneProject/ws_px4_ros2_controlAlgorithm/build/px4_offboard/build
[0.718s] creating /home/mist/Documents/projects/DroneProject/ws_px4_ros2_controlAlgorithm/build/px4_offboard/build/lib
[0.718s] creating /home/mist/Documents/projects/DroneProject/ws_px4_ros2_controlAlgorithm/build/px4_offboard/build/lib/px4_offboard
[0.718s] copying px4_offboard/position_velocity_control.py -> /home/mist/Documents/projects/DroneProject/ws_px4_ros2_controlAlgorithm/build/px4_offboard/build/lib/px4_offboard
[0.718s] copying px4_offboard/processes.py -> /home/mist/Documents/projects/DroneProject/ws_px4_ros2_controlAlgorithm/build/px4_offboard/build/lib/px4_offboard
[0.718s] copying px4_offboard/visualizer.py -> /home/mist/Documents/projects/DroneProject/ws_px4_ros2_controlAlgorithm/build/px4_offboard/build/lib/px4_offboard
[0.718s] copying px4_offboard/temp.py -> /home/mist/Documents/projects/DroneProject/ws_px4_ros2_controlAlgorithm/build/px4_offboard/build/lib/px4_offboard
[0.718s] copying px4_offboard/velocity_control.py -> /home/mist/Documents/projects/DroneProject/ws_px4_ros2_controlAlgorithm/build/px4_offboard/build/lib/px4_offboard
[0.718s] copying px4_offboard/__init__.py -> /home/mist/Documents/projects/DroneProject/ws_px4_ros2_controlAlgorithm/build/px4_offboard/build/lib/px4_offboard
[0.718s] copying px4_offboard/control.py -> /home/mist/Documents/projects/DroneProject/ws_px4_ros2_controlAlgorithm/build/px4_offboard/build/lib/px4_offboard
[0.718s] running install
[0.721s] running install_lib
[0.732s] creating /home/mist/Documents/projects/DroneProject/ws_px4_ros2_controlAlgorithm/install/px4_offboard/lib/python3.10/site-packages/px4_offboard
[0.732s] copying /home/mist/Documents/projects/DroneProject/ws_px4_ros2_controlAlgorithm/build/px4_offboard/build/lib/px4_offboard/position_velocity_control.py -> /home/mist/Documents/projects/DroneProject/ws_px4_ros2_controlAlgorithm/install/px4_offboard/lib/python3.10/site-packages/px4_offboard
[0.732s] copying /home/mist/Documents/projects/DroneProject/ws_px4_ros2_controlAlgorithm/build/px4_offboard/build/lib/px4_offboard/processes.py -> /home/mist/Documents/projects/DroneProject/ws_px4_ros2_controlAlgorithm/install/px4_offboard/lib/python3.10/site-packages/px4_offboard
[0.732s] copying /home/mist/Documents/projects/DroneProject/ws_px4_ros2_controlAlgorithm/build/px4_offboard/build/lib/px4_offboard/visualizer.py -> /home/mist/Documents/projects/DroneProject/ws_px4_ros2_controlAlgorithm/install/px4_offboard/lib/python3.10/site-packages/px4_offboard
[0.732s] copying /home/mist/Documents/projects/DroneProject/ws_px4_ros2_controlAlgorithm/build/px4_offboard/build/lib/px4_offboard/temp.py -> /home/mist/Documents/projects/DroneProject/ws_px4_ros2_controlAlgorithm/install/px4_offboard/lib/python3.10/site-packages/px4_offboard
[0.732s] copying /home/mist/Documents/projects/DroneProject/ws_px4_ros2_controlAlgorithm/build/px4_offboard/build/lib/px4_offboard/velocity_control.py -> /home/mist/Documents/projects/DroneProject/ws_px4_ros2_controlAlgorithm/install/px4_offboard/lib/python3.10/site-packages/px4_offboard
[0.732s] copying /home/mist/Documents/projects/DroneProject/ws_px4_ros2_controlAlgorithm/build/px4_offboard/build/lib/px4_offboard/__init__.py -> /home/mist/Documents/projects/DroneProject/ws_px4_ros2_controlAlgorithm/install/px4_offboard/lib/python3.10/site-packages/px4_offboard
[0.732s] copying /home/mist/Documents/projects/DroneProject/ws_px4_ros2_controlAlgorithm/build/px4_offboard/build/lib/px4_offboard/control.py -> /home/mist/Documents/projects/DroneProject/ws_px4_ros2_controlAlgorithm/install/px4_offboard/lib/python3.10/site-packages/px4_offboard
[0.732s] byte-compiling /home/mist/Documents/projects/DroneProject/ws_px4_ros2_controlAlgorithm/install/px4_offboard/lib/python3.10/site-packages/px4_offboard/position_velocity_control.py to position_velocity_control.cpython-310.pyc
[0.733s] byte-compiling /home/mist/Documents/projects/DroneProject/ws_px4_ros2_controlAlgorithm/install/px4_offboard/lib/python3.10/site-packages/px4_offboard/processes.py to processes.cpython-310.pyc
[0.733s] byte-compiling /home/mist/Documents/projects/DroneProject/ws_px4_ros2_controlAlgorithm/install/px4_offboard/lib/python3.10/site-packages/px4_offboard/visualizer.py to visualizer.cpython-310.pyc
[0.734s] byte-compiling /home/mist/Documents/projects/DroneProject/ws_px4_ros2_controlAlgorithm/install/px4_offboard/lib/python3.10/site-packages/px4_offboard/temp.py to temp.cpython-310.pyc
[0.734s] byte-compiling /home/mist/Documents/projects/DroneProject/ws_px4_ros2_controlAlgorithm/install/px4_offboard/lib/python3.10/site-packages/px4_offboard/velocity_control.py to velocity_control.cpython-310.pyc
[0.735s] byte-compiling /home/mist/Documents/projects/DroneProject/ws_px4_ros2_controlAlgorithm/install/px4_offboard/lib/python3.10/site-packages/px4_offboard/__init__.py to __init__.cpython-310.pyc
[0.735s] byte-compiling /home/mist/Documents/projects/DroneProject/ws_px4_ros2_controlAlgorithm/install/px4_offboard/lib/python3.10/site-packages/px4_offboard/control.py to control.cpython-310.pyc
[0.736s] running install_data
[0.736s] creating /home/mist/Documents/projects/DroneProject/ws_px4_ros2_controlAlgorithm/install/px4_offboard/share/ament_index
[0.736s] creating /home/mist/Documents/projects/DroneProject/ws_px4_ros2_controlAlgorithm/install/px4_offboard/share/ament_index/resource_index
[0.736s] creating /home/mist/Documents/projects/DroneProject/ws_px4_ros2_controlAlgorithm/install/px4_offboard/share/ament_index/resource_index/packages
[0.736s] copying resource/px4_offboard -> /home/mist/Documents/projects/DroneProject/ws_px4_ros2_controlAlgorithm/install/px4_offboard/share/ament_index/resource_index/packages
[0.736s] copying resource/visualize.rviz -> /home/mist/Documents/projects/DroneProject/ws_px4_ros2_controlAlgorithm/install/px4_offboard/share/ament_index/resource_index/packages
[0.736s] copying package.xml -> /home/mist/Documents/projects/DroneProject/ws_px4_ros2_controlAlgorithm/install/px4_offboard/share/px4_offboard
[0.736s] copying launch/offboard_velocity_control.launch.py -> /home/mist/Documents/projects/DroneProject/ws_px4_ros2_controlAlgorithm/install/px4_offboard/share/px4_offboard
[0.736s] copying resource/visualize.rviz -> /home/mist/Documents/projects/DroneProject/ws_px4_ros2_controlAlgorithm/install/px4_offboard/share/px4_offboard
[0.736s] running install_egg_info
[0.747s] Copying ../../../build/px4_offboard/px4_offboard.egg-info to /home/mist/Documents/projects/DroneProject/ws_px4_ros2_controlAlgorithm/install/px4_offboard/lib/python3.10/site-packages/px4_offboard-0.0.0-py3.10.egg-info
[0.747s] running install_scripts
[0.844s] Installing control script to /home/mist/Documents/projects/DroneProject/ws_px4_ros2_controlAlgorithm/install/px4_offboard/lib/px4_offboard
[0.844s] Installing offboard_control script to /home/mist/Documents/projects/DroneProject/ws_px4_ros2_controlAlgorithm/install/px4_offboard/lib/px4_offboard
[0.844s] Installing position_velocity script to /home/mist/Documents/projects/DroneProject/ws_px4_ros2_controlAlgorithm/install/px4_offboard/lib/px4_offboard
[0.844s] Installing processes script to /home/mist/Documents/projects/DroneProject/ws_px4_ros2_controlAlgorithm/install/px4_offboard/lib/px4_offboard
[0.844s] Installing velocity_control script to /home/mist/Documents/projects/DroneProject/ws_px4_ros2_controlAlgorithm/install/px4_offboard/lib/px4_offboard
[0.844s] Installing visualizer script to /home/mist/Documents/projects/DroneProject/ws_px4_ros2_controlAlgorithm/install/px4_offboard/lib/px4_offboard
[0.844s] writing list of installed files to '/home/mist/Documents/projects/DroneProject/ws_px4_ros2_controlAlgorithm/build/px4_offboard/install.log'
[0.859s] Invoked command in '/home/mist/Documents/projects/DroneProject/ws_px4_ros2_controlAlgorithm/src/px4_offboard_velocity/px4_offboard' returned '0': CMAKE_PREFIX_PATH=/home/mist/Documents/projects/DroneProject/ws_px4_ros2_controlAlgorithm/install/px4_msgs:/home/mist/Documents/projects/DroneProject/ws_px4_ros2_controlAlgorithm/install/px4_ros_com:/home/mist/ros_ws/install LD_LIBRARY_PATH=/home/mist/Documents/projects/DroneProject/ws_px4_ros2_controlAlgorithm/install/px4_msgs/lib:/home/mist/Documents/projects/DroneProject/ws_px4_ros2_controlAlgorithm/install/px4_ros_com/lib:/home/mist/ros_ws/install/lib:/opt/ros/humble/opt/rviz_ogre_vendor/lib:/opt/ros/humble/lib/x86_64-linux-gnu:/opt/ros/humble/lib PYTHONPATH=/home/mist/Documents/projects/DroneProject/ws_px4_ros2_controlAlgorithm/build/px4_offboard/prefix_override:/usr/lib/python3/dist-packages/colcon_core/task/python/colcon_distutils_commands:/home/mist/Documents/projects/DroneProject/ws_px4_ros2_controlAlgorithm/install/px4_offboard/lib/python3.10/site-packages:${PYTHONPATH} /usr/bin/python3 -W ignore:setup.py install is deprecated setup.py egg_info --egg-base ../../../build/px4_offboard build --build-base /home/mist/Documents/projects/DroneProject/ws_px4_ros2_controlAlgorithm/build/px4_offboard/build install --record /home/mist/Documents/projects/DroneProject/ws_px4_ros2_controlAlgorithm/build/px4_offboard/install.log --single-version-externally-managed install_data
