/home/mist/Documents/projects/DroneProject/ws_px4_ros2_controlAlgorithm/install/px4_offboard_mpc/lib/python3.10/site-packages/px4_offboard_mpc/processes.py
/home/mist/Documents/projects/DroneProject/ws_px4_ros2_controlAlgorithm/install/px4_offboard_mpc/lib/python3.10/site-packages/px4_offboard_mpc/vicon_attituded.py
/home/mist/Documents/projects/DroneProject/ws_px4_ros2_controlAlgorithm/install/px4_offboard_mpc/lib/python3.10/site-packages/px4_offboard_mpc/visualizer.py
/home/mist/Documents/projects/DroneProject/ws_px4_ros2_controlAlgorithm/install/px4_offboard_mpc/lib/python3.10/site-packages/px4_offboard_mpc/scvx_class.py
/home/mist/Documents/projects/DroneProject/ws_px4_ros2_controlAlgorithm/install/px4_offboard_mpc/lib/python3.10/site-packages/px4_offboard_mpc/offboard_control_safeLayer.py
/home/mist/Documents/projects/DroneProject/ws_px4_ros2_controlAlgorithm/install/px4_offboard_mpc/lib/python3.10/site-packages/px4_offboard_mpc/offboard_control_scvx.py
/home/mist/Documents/projects/DroneProject/ws_px4_ros2_controlAlgorithm/install/px4_offboard_mpc/lib/python3.10/site-packages/px4_offboard_mpc/offboard_control_mpc.py
/home/mist/Documents/projects/DroneProject/ws_px4_ros2_controlAlgorithm/install/px4_offboard_mpc/lib/python3.10/site-packages/px4_offboard_mpc/__init__.py
/home/mist/Documents/projects/DroneProject/ws_px4_ros2_controlAlgorithm/install/px4_offboard_mpc/lib/python3.10/site-packages/px4_offboard_mpc/px4_attitude_plot.py
/home/mist/Documents/projects/DroneProject/ws_px4_ros2_controlAlgorithm/install/px4_offboard_mpc/lib/python3.10/site-packages/px4_offboard_mpc/__pycache__/processes.cpython-310.pyc
/home/mist/Documents/projects/DroneProject/ws_px4_ros2_controlAlgorithm/install/px4_offboard_mpc/lib/python3.10/site-packages/px4_offboard_mpc/__pycache__/vicon_attituded.cpython-310.pyc
/home/mist/Documents/projects/DroneProject/ws_px4_ros2_controlAlgorithm/install/px4_offboard_mpc/lib/python3.10/site-packages/px4_offboard_mpc/__pycache__/visualizer.cpython-310.pyc
/home/mist/Documents/projects/DroneProject/ws_px4_ros2_controlAlgorithm/install/px4_offboard_mpc/lib/python3.10/site-packages/px4_offboard_mpc/__pycache__/scvx_class.cpython-310.pyc
/home/mist/Documents/projects/DroneProject/ws_px4_ros2_controlAlgorithm/install/px4_offboard_mpc/lib/python3.10/site-packages/px4_offboard_mpc/__pycache__/offboard_control_safeLayer.cpython-310.pyc
/home/mist/Documents/projects/DroneProject/ws_px4_ros2_controlAlgorithm/install/px4_offboard_mpc/lib/python3.10/site-packages/px4_offboard_mpc/__pycache__/offboard_control_scvx.cpython-310.pyc
/home/mist/Documents/projects/DroneProject/ws_px4_ros2_controlAlgorithm/install/px4_offboard_mpc/lib/python3.10/site-packages/px4_offboard_mpc/__pycache__/offboard_control_mpc.cpython-310.pyc
/home/mist/Documents/projects/DroneProject/ws_px4_ros2_controlAlgorithm/install/px4_offboard_mpc/lib/python3.10/site-packages/px4_offboard_mpc/__pycache__/__init__.cpython-310.pyc
/home/mist/Documents/projects/DroneProject/ws_px4_ros2_controlAlgorithm/install/px4_offboard_mpc/lib/python3.10/site-packages/px4_offboard_mpc/__pycache__/px4_attitude_plot.cpython-310.pyc
/home/mist/Documents/projects/DroneProject/ws_px4_ros2_controlAlgorithm/install/px4_offboard_mpc/share/ament_index/resource_index/packages/px4_offboard_mpc
/home/mist/Documents/projects/DroneProject/ws_px4_ros2_controlAlgorithm/install/px4_offboard_mpc/share/px4_offboard_mpc/package.xml
/home/mist/Documents/projects/DroneProject/ws_px4_ros2_controlAlgorithm/install/px4_offboard_mpc/share/px4_offboard_mpc/offboard_mpc_control.launch.py
/home/mist/Documents/projects/DroneProject/ws_px4_ros2_controlAlgorithm/install/px4_offboard_mpc/share/px4_offboard_mpc
/home/mist/Documents/projects/DroneProject/ws_px4_ros2_controlAlgorithm/install/px4_offboard_mpc/lib/python3.10/site-packages/px4_offboard_mpc-0.0.0-py3.10.egg-info/top_level.txt
/home/mist/Documents/projects/DroneProject/ws_px4_ros2_controlAlgorithm/install/px4_offboard_mpc/lib/python3.10/site-packages/px4_offboard_mpc-0.0.0-py3.10.egg-info/SOURCES.txt
/home/mist/Documents/projects/DroneProject/ws_px4_ros2_controlAlgorithm/install/px4_offboard_mpc/lib/python3.10/site-packages/px4_offboard_mpc-0.0.0-py3.10.egg-info/zip-safe
/home/mist/Documents/projects/DroneProject/ws_px4_ros2_controlAlgorithm/install/px4_offboard_mpc/lib/python3.10/site-packages/px4_offboard_mpc-0.0.0-py3.10.egg-info/entry_points.txt
/home/mist/Documents/projects/DroneProject/ws_px4_ros2_controlAlgorithm/install/px4_offboard_mpc/lib/python3.10/site-packages/px4_offboard_mpc-0.0.0-py3.10.egg-info/PKG-INFO
/home/mist/Documents/projects/DroneProject/ws_px4_ros2_controlAlgorithm/install/px4_offboard_mpc/lib/python3.10/site-packages/px4_offboard_mpc-0.0.0-py3.10.egg-info/requires.txt
/home/mist/Documents/projects/DroneProject/ws_px4_ros2_controlAlgorithm/install/px4_offboard_mpc/lib/python3.10/site-packages/px4_offboard_mpc-0.0.0-py3.10.egg-info/dependency_links.txt
/home/mist/Documents/projects/DroneProject/ws_px4_ros2_controlAlgorithm/install/px4_offboard_mpc/lib/px4_offboard_mpc/processes
/home/mist/Documents/projects/DroneProject/ws_px4_ros2_controlAlgorithm/install/px4_offboard_mpc/lib/px4_offboard_mpc/px4_attitude_plot
/home/mist/Documents/projects/DroneProject/ws_px4_ros2_controlAlgorithm/install/px4_offboard_mpc/lib/px4_offboard_mpc/px4_offboard_mpc
/home/mist/Documents/projects/DroneProject/ws_px4_ros2_controlAlgorithm/install/px4_offboard_mpc/lib/px4_offboard_mpc/px4_offboard_safeLayer
/home/mist/Documents/projects/DroneProject/ws_px4_ros2_controlAlgorithm/install/px4_offboard_mpc/lib/px4_offboard_mpc/px4_offboard_scvx
/home/mist/Documents/projects/DroneProject/ws_px4_ros2_controlAlgorithm/install/px4_offboard_mpc/lib/px4_offboard_mpc/scvx_class
/home/mist/Documents/projects/DroneProject/ws_px4_ros2_controlAlgorithm/install/px4_offboard_mpc/lib/px4_offboard_mpc/visualizer
